<?xml version="1.0" encoding="UTF-8"?>
<testsuite name="com.sp.fc.paper.service.PaperTemplateTest" tests="3" skipped="0" failures="0" errors="0" timestamp="2022-02-08T07:22:37" hostname="BLUEWIND" time="0.148">
  <properties/>
  <testcase name="1. 시험지를 한개 만든다." classname="com.sp.fc.paper.service.PaperTemplateTest" time="0.031"/>
  <testcase name="2. 문제를 추가한다." classname="com.sp.fc.paper.service.PaperTemplateTest" time="0.044"/>
  <testcase name="3. 문제를 삭제한다." classname="com.sp.fc.paper.service.PaperTemplateTest" time="0.065"/>
  <system-out><![CDATA[2022-02-08 16:22:37.125  INFO 32664 --- [    Test worker] b.t.a.o.j.DataJpaTestContextBootstrapper : Neither @ContextConfiguration nor @ContextHierarchy found for test class [com.sp.fc.paper.service.PaperTemplateTest], using SpringBootContextLoader
2022-02-08 16:22:37.127  INFO 32664 --- [    Test worker] o.s.t.c.support.AbstractContextLoader    : Could not detect default resource locations for test class [com.sp.fc.paper.service.PaperTemplateTest]: no resource found for suffixes {-context.xml, Context.groovy}.
2022-02-08 16:22:37.128  INFO 32664 --- [    Test worker] t.c.s.AnnotationConfigContextLoaderUtils : Could not detect default configuration classes for test class [com.sp.fc.paper.service.PaperTemplateTest]: PaperTemplateTest does not declare any static, non-private, non-final, nested classes annotated with @Configuration.
2022-02-08 16:22:37.136  INFO 32664 --- [    Test worker] .b.t.c.SpringBootTestContextBootstrapper : Found @SpringBootConfiguration com.sp.fc.paper.PaperTestApp for test class com.sp.fc.paper.service.PaperTemplateTest
2022-02-08 16:22:37.138  INFO 32664 --- [    Test worker] b.t.a.o.j.DataJpaTestContextBootstrapper : Loaded default TestExecutionListener class names from location [META-INF/spring.factories]: [org.springframework.boot.test.autoconfigure.restdocs.RestDocsTestExecutionListener, org.springframework.boot.test.autoconfigure.web.client.MockRestServiceServerResetTestExecutionListener, org.springframework.boot.test.autoconfigure.web.servlet.MockMvcPrintOnlyOnFailureTestExecutionListener, org.springframework.boot.test.autoconfigure.web.servlet.WebDriverTestExecutionListener, org.springframework.boot.test.autoconfigure.webservices.client.MockWebServiceServerTestExecutionListener, org.springframework.boot.test.mock.mockito.MockitoTestExecutionListener, org.springframework.boot.test.mock.mockito.ResetMocksTestExecutionListener, org.springframework.test.context.web.ServletTestExecutionListener, org.springframework.test.context.support.DirtiesContextBeforeModesTestExecutionListener, org.springframework.test.context.support.DependencyInjectionTestExecutionListener, org.springframework.test.context.support.DirtiesContextTestExecutionListener, org.springframework.test.context.transaction.TransactionalTestExecutionListener, org.springframework.test.context.jdbc.SqlScriptsTestExecutionListener, org.springframework.test.context.event.EventPublishingTestExecutionListener]
2022-02-08 16:22:37.141  INFO 32664 --- [    Test worker] b.t.a.o.j.DataJpaTestContextBootstrapper : Using TestExecutionListeners: [org.springframework.test.context.support.DirtiesContextBeforeModesTestExecutionListener@215404a1, org.springframework.boot.test.mock.mockito.MockitoTestExecutionListener@391b03b, org.springframework.boot.test.autoconfigure.SpringBootDependencyInjectionTestExecutionListener@4a977146, org.springframework.test.context.support.DirtiesContextTestExecutionListener@41dc34c8, org.springframework.test.context.transaction.TransactionalTestExecutionListener@402c415e, org.springframework.test.context.jdbc.SqlScriptsTestExecutionListener@4e322108, org.springframework.test.context.event.EventPublishingTestExecutionListener@3f5e64c9, org.springframework.boot.test.autoconfigure.restdocs.RestDocsTestExecutionListener@1f847d9e, org.springframework.boot.test.autoconfigure.web.client.MockRestServiceServerResetTestExecutionListener@3d00e981, org.springframework.boot.test.autoconfigure.web.servlet.MockMvcPrintOnlyOnFailureTestExecutionListener@6265a548, org.springframework.boot.test.autoconfigure.web.servlet.WebDriverTestExecutionListener@2e51ede1, org.springframework.boot.test.autoconfigure.webservices.client.MockWebServiceServerTestExecutionListener@12051d38, org.springframework.boot.test.mock.mockito.ResetMocksTestExecutionListener@28f3a218]
2022-02-08 16:22:37.153  INFO 32664 --- [    Test worker] o.s.t.c.transaction.TransactionContext   : Began transaction (1) for test context [DefaultTestContext@1693d505 testClass = PaperTemplateTest, testInstance = com.sp.fc.paper.service.PaperTemplateTest@3d195d15, testMethod = test_1@PaperTemplateTest, testException = [null], mergedContextConfiguration = [MergedContextConfiguration@17b387ef testClass = PaperTemplateTest, locations = '{}', classes = '{class com.sp.fc.paper.PaperTestApp}', contextInitializerClasses = '[]', activeProfiles = '{}', propertySourceLocations = '{}', propertySourceProperties = '{org.springframework.boot.test.autoconfigure.orm.jpa.DataJpaTestContextBootstrapper=true}', contextCustomizers = set[org.springframework.boot.test.autoconfigure.OverrideAutoConfigurationContextCustomizerFactory$DisableAutoConfigurationContextCustomizer@5ed731d0, org.springframework.boot.test.autoconfigure.actuate.metrics.MetricsExportContextCustomizerFactory$DisableMetricExportContextCustomizer@557a1e2d, org.springframework.boot.test.autoconfigure.filter.TypeExcludeFiltersContextCustomizer@351584c0, org.springframework.boot.test.autoconfigure.properties.PropertyMappingContextCustomizer@e788442f, org.springframework.boot.test.autoconfigure.web.servlet.WebDriverContextCustomizerFactory$Customizer@2756c0a7, [ImportsContextCustomizer@489b7559 key = [org.springframework.boot.autoconfigure.cache.CacheAutoConfiguration, org.springframework.boot.autoconfigure.data.jpa.JpaRepositoriesAutoConfiguration, org.springframework.boot.autoconfigure.flyway.FlywayAutoConfiguration, org.springframework.boot.autoconfigure.jdbc.DataSourceAutoConfiguration, org.springframework.boot.autoconfigure.jdbc.DataSourceTransactionManagerAutoConfiguration, org.springframework.boot.autoconfigure.jdbc.JdbcTemplateAutoConfiguration, org.springframework.boot.autoconfigure.liquibase.LiquibaseAutoConfiguration, org.springframework.boot.autoconfigure.orm.jpa.HibernateJpaAutoConfiguration, org.springframework.boot.autoconfigure.transaction.TransactionAutoConfiguration, org.springframework.boot.test.autoconfigure.jdbc.TestDatabaseAutoConfiguration, org.springframework.boot.test.autoconfigure.orm.jpa.TestEntityManagerAutoConfiguration]], org.springframework.boot.test.context.filter.ExcludeFilterContextCustomizer@1992eaf4, org.springframework.boot.test.json.DuplicateJsonObjectContextCustomizerFactory$DuplicateJsonObjectContextCustomizer@3f28bd56, org.springframework.boot.test.mock.mockito.MockitoContextCustomizer@0, org.springframework.boot.test.context.SpringBootTestArgs@1, org.springframework.boot.test.context.SpringBootTestWebEnvironment@0], contextLoader = 'org.springframework.boot.test.context.SpringBootContextLoader', parent = [null]], attributes = map[[empty]]]; transaction manager [org.springframework.orm.jpa.JpaTransactionManager@a44ad33]; rollback [true]
Hibernate: select problem0_.problem_id as problem_1_4_, problem0_.answer as answer2_4_, problem0_.content as content3_4_, problem0_.created as created4_4_, problem0_.index_num as index_nu5_4_, problem0_.paper_template_id as paper_te6_4_, problem0_.updated as updated7_4_ from sp_problem problem0_
Hibernate: select papertempl0_.paper_template_id as paper_te1_3_, papertempl0_.complete_count as complete2_3_, papertempl0_.created as created3_3_, papertempl0_.name as name4_3_, papertempl0_.published_count as publishe5_3_, papertempl0_.total as total6_3_, papertempl0_.updated as updated7_3_, papertempl0_.user_id as user_id8_3_ from sp_paper_template papertempl0_
Hibernate: select school0_.school_id as school_i1_5_, school0_.city as city2_5_, school0_.created as created3_5_, school0_.name as name4_5_, school0_.updated as updated5_5_ from sp_school school0_
Hibernate: select user0_.user_id as user_id1_6_, user0_.created as created2_6_, user0_.email as email3_6_, user0_.enabled as enabled4_6_, user0_.grade as grade5_6_, user0_.name as name6_6_, user0_.password as password7_6_, user0_.school_school_id as school_s9_6_, user0_.teacher_user_id as teacher10_6_, user0_.updated as updated8_6_ from sp_user user0_
Hibernate: insert into sp_school (school_id, city, created, name, updated) values (null, ?, ?, ?, ?)
Hibernate: insert into sp_user (user_id, created, email, enabled, grade, name, password, school_school_id, teacher_user_id, updated) values (null, ?, ?, ?, ?, ?, ?, ?, ?, ?)
Hibernate: select authority0_.user_id as user_id1_0_0_, authority0_.authority as authorit2_0_0_ from sp_authority authority0_ where authority0_.user_id=? and authority0_.authority=?
Hibernate: insert into sp_authority (user_id, authority) values (?, ?)
Hibernate: insert into sp_paper_template (paper_template_id, complete_count, created, name, published_count, total, updated, user_id) values (null, ?, ?, ?, ?, ?, ?, ?)
Hibernate: select count(*) as col_0_0_ from sp_paper_template papertempl0_
Hibernate: select papertempl0_.paper_template_id as paper_te1_3_, papertempl0_.complete_count as complete2_3_, papertempl0_.created as created3_3_, papertempl0_.name as name4_3_, papertempl0_.published_count as publishe5_3_, papertempl0_.total as total6_3_, papertempl0_.updated as updated7_3_, papertempl0_.user_id as user_id8_3_ from sp_paper_template papertempl0_
2022-02-08 16:22:37.181  INFO 32664 --- [    Test worker] o.s.t.c.transaction.TransactionContext   : Rolled back transaction for test: [DefaultTestContext@1693d505 testClass = PaperTemplateTest, testInstance = com.sp.fc.paper.service.PaperTemplateTest@3d195d15, testMethod = test_1@PaperTemplateTest, testException = [null], mergedContextConfiguration = [MergedContextConfiguration@17b387ef testClass = PaperTemplateTest, locations = '{}', classes = '{class com.sp.fc.paper.PaperTestApp}', contextInitializerClasses = '[]', activeProfiles = '{}', propertySourceLocations = '{}', propertySourceProperties = '{org.springframework.boot.test.autoconfigure.orm.jpa.DataJpaTestContextBootstrapper=true}', contextCustomizers = set[org.springframework.boot.test.autoconfigure.OverrideAutoConfigurationContextCustomizerFactory$DisableAutoConfigurationContextCustomizer@5ed731d0, org.springframework.boot.test.autoconfigure.actuate.metrics.MetricsExportContextCustomizerFactory$DisableMetricExportContextCustomizer@557a1e2d, org.springframework.boot.test.autoconfigure.filter.TypeExcludeFiltersContextCustomizer@351584c0, org.springframework.boot.test.autoconfigure.properties.PropertyMappingContextCustomizer@e788442f, org.springframework.boot.test.autoconfigure.web.servlet.WebDriverContextCustomizerFactory$Customizer@2756c0a7, [ImportsContextCustomizer@489b7559 key = [org.springframework.boot.autoconfigure.cache.CacheAutoConfiguration, org.springframework.boot.autoconfigure.data.jpa.JpaRepositoriesAutoConfiguration, org.springframework.boot.autoconfigure.flyway.FlywayAutoConfiguration, org.springframework.boot.autoconfigure.jdbc.DataSourceAutoConfiguration, org.springframework.boot.autoconfigure.jdbc.DataSourceTransactionManagerAutoConfiguration, org.springframework.boot.autoconfigure.jdbc.JdbcTemplateAutoConfiguration, org.springframework.boot.autoconfigure.liquibase.LiquibaseAutoConfiguration, org.springframework.boot.autoconfigure.orm.jpa.HibernateJpaAutoConfiguration, org.springframework.boot.autoconfigure.transaction.TransactionAutoConfiguration, org.springframework.boot.test.autoconfigure.jdbc.TestDatabaseAutoConfiguration, org.springframework.boot.test.autoconfigure.orm.jpa.TestEntityManagerAutoConfiguration]], org.springframework.boot.test.context.filter.ExcludeFilterContextCustomizer@1992eaf4, org.springframework.boot.test.json.DuplicateJsonObjectContextCustomizerFactory$DuplicateJsonObjectContextCustomizer@3f28bd56, org.springframework.boot.test.mock.mockito.MockitoContextCustomizer@0, org.springframework.boot.test.context.SpringBootTestArgs@1, org.springframework.boot.test.context.SpringBootTestWebEnvironment@0], contextLoader = 'org.springframework.boot.test.context.SpringBootContextLoader', parent = [null]], attributes = map[[empty]]]
2022-02-08 16:22:37.186  INFO 32664 --- [    Test worker] o.s.t.c.transaction.TransactionContext   : Began transaction (1) for test context [DefaultTestContext@1693d505 testClass = PaperTemplateTest, testInstance = com.sp.fc.paper.service.PaperTemplateTest@118879d2, testMethod = test_2@PaperTemplateTest, testException = [null], mergedContextConfiguration = [MergedContextConfiguration@17b387ef testClass = PaperTemplateTest, locations = '{}', classes = '{class com.sp.fc.paper.PaperTestApp}', contextInitializerClasses = '[]', activeProfiles = '{}', propertySourceLocations = '{}', propertySourceProperties = '{org.springframework.boot.test.autoconfigure.orm.jpa.DataJpaTestContextBootstrapper=true}', contextCustomizers = set[org.springframework.boot.test.autoconfigure.OverrideAutoConfigurationContextCustomizerFactory$DisableAutoConfigurationContextCustomizer@5ed731d0, org.springframework.boot.test.autoconfigure.actuate.metrics.MetricsExportContextCustomizerFactory$DisableMetricExportContextCustomizer@557a1e2d, org.springframework.boot.test.autoconfigure.filter.TypeExcludeFiltersContextCustomizer@351584c0, org.springframework.boot.test.autoconfigure.properties.PropertyMappingContextCustomizer@e788442f, org.springframework.boot.test.autoconfigure.web.servlet.WebDriverContextCustomizerFactory$Customizer@2756c0a7, [ImportsContextCustomizer@489b7559 key = [org.springframework.boot.autoconfigure.cache.CacheAutoConfiguration, org.springframework.boot.autoconfigure.data.jpa.JpaRepositoriesAutoConfiguration, org.springframework.boot.autoconfigure.flyway.FlywayAutoConfiguration, org.springframework.boot.autoconfigure.jdbc.DataSourceAutoConfiguration, org.springframework.boot.autoconfigure.jdbc.DataSourceTransactionManagerAutoConfiguration, org.springframework.boot.autoconfigure.jdbc.JdbcTemplateAutoConfiguration, org.springframework.boot.autoconfigure.liquibase.LiquibaseAutoConfiguration, org.springframework.boot.autoconfigure.orm.jpa.HibernateJpaAutoConfiguration, org.springframework.boot.autoconfigure.transaction.TransactionAutoConfiguration, org.springframework.boot.test.autoconfigure.jdbc.TestDatabaseAutoConfiguration, org.springframework.boot.test.autoconfigure.orm.jpa.TestEntityManagerAutoConfiguration]], org.springframework.boot.test.context.filter.ExcludeFilterContextCustomizer@1992eaf4, org.springframework.boot.test.json.DuplicateJsonObjectContextCustomizerFactory$DuplicateJsonObjectContextCustomizer@3f28bd56, org.springframework.boot.test.mock.mockito.MockitoContextCustomizer@0, org.springframework.boot.test.context.SpringBootTestArgs@1, org.springframework.boot.test.context.SpringBootTestWebEnvironment@0], contextLoader = 'org.springframework.boot.test.context.SpringBootContextLoader', parent = [null]], attributes = map[[empty]]]; transaction manager [org.springframework.orm.jpa.JpaTransactionManager@a44ad33]; rollback [true]
Hibernate: select problem0_.problem_id as problem_1_4_, problem0_.answer as answer2_4_, problem0_.content as content3_4_, problem0_.created as created4_4_, problem0_.index_num as index_nu5_4_, problem0_.paper_template_id as paper_te6_4_, problem0_.updated as updated7_4_ from sp_problem problem0_
Hibernate: select papertempl0_.paper_template_id as paper_te1_3_, papertempl0_.complete_count as complete2_3_, papertempl0_.created as created3_3_, papertempl0_.name as name4_3_, papertempl0_.published_count as publishe5_3_, papertempl0_.total as total6_3_, papertempl0_.updated as updated7_3_, papertempl0_.user_id as user_id8_3_ from sp_paper_template papertempl0_
Hibernate: select school0_.school_id as school_i1_5_, school0_.city as city2_5_, school0_.created as created3_5_, school0_.name as name4_5_, school0_.updated as updated5_5_ from sp_school school0_
Hibernate: select user0_.user_id as user_id1_6_, user0_.created as created2_6_, user0_.email as email3_6_, user0_.enabled as enabled4_6_, user0_.grade as grade5_6_, user0_.name as name6_6_, user0_.password as password7_6_, user0_.school_school_id as school_s9_6_, user0_.teacher_user_id as teacher10_6_, user0_.updated as updated8_6_ from sp_user user0_
Hibernate: insert into sp_school (school_id, city, created, name, updated) values (null, ?, ?, ?, ?)
Hibernate: insert into sp_user (user_id, created, email, enabled, grade, name, password, school_school_id, teacher_user_id, updated) values (null, ?, ?, ?, ?, ?, ?, ?, ?, ?)
Hibernate: select authority0_.user_id as user_id1_0_0_, authority0_.authority as authorit2_0_0_ from sp_authority authority0_ where authority0_.user_id=? and authority0_.authority=?
Hibernate: insert into sp_authority (user_id, authority) values (?, ?)
Hibernate: insert into sp_paper_template (paper_template_id, complete_count, created, name, published_count, total, updated, user_id) values (null, ?, ?, ?, ?, ?, ?, ?)
Hibernate: insert into sp_problem (problem_id, answer, content, created, index_num, paper_template_id, updated) values (null, ?, ?, ?, ?, ?, ?)
Hibernate: insert into sp_problem (problem_id, answer, content, created, index_num, paper_template_id, updated) values (null, ?, ?, ?, ?, ?, ?)
Hibernate: insert into sp_problem (problem_id, answer, content, created, index_num, paper_template_id, updated) values (null, ?, ?, ?, ?, ?, ?)
Hibernate: update sp_user set email=?, enabled=?, grade=?, name=?, password=?, school_school_id=?, teacher_user_id=?, updated=? where user_id=?
Hibernate: update sp_paper_template set complete_count=?, name=?, published_count=?, total=?, updated=?, user_id=? where paper_template_id=?
Hibernate: update sp_authority set authorities_user_id=? where user_id=? and authority=?
Hibernate: update sp_problem set problem_list_paper_template_id=? where problem_id=?
Hibernate: update sp_problem set problem_list_paper_template_id=? where problem_id=?
Hibernate: update sp_problem set problem_list_paper_template_id=? where problem_id=?
Hibernate: select papertempl0_.paper_template_id as paper_te1_3_, papertempl0_.complete_count as complete2_3_, papertempl0_.created as created3_3_, papertempl0_.name as name4_3_, papertempl0_.published_count as publishe5_3_, papertempl0_.total as total6_3_, papertempl0_.updated as updated7_3_, papertempl0_.user_id as user_id8_3_ from sp_paper_template papertempl0_
2022-02-08 16:22:37.227  INFO 32664 --- [    Test worker] o.s.t.c.transaction.TransactionContext   : Rolled back transaction for test: [DefaultTestContext@1693d505 testClass = PaperTemplateTest, testInstance = com.sp.fc.paper.service.PaperTemplateTest@118879d2, testMethod = test_2@PaperTemplateTest, testException = [null], mergedContextConfiguration = [MergedContextConfiguration@17b387ef testClass = PaperTemplateTest, locations = '{}', classes = '{class com.sp.fc.paper.PaperTestApp}', contextInitializerClasses = '[]', activeProfiles = '{}', propertySourceLocations = '{}', propertySourceProperties = '{org.springframework.boot.test.autoconfigure.orm.jpa.DataJpaTestContextBootstrapper=true}', contextCustomizers = set[org.springframework.boot.test.autoconfigure.OverrideAutoConfigurationContextCustomizerFactory$DisableAutoConfigurationContextCustomizer@5ed731d0, org.springframework.boot.test.autoconfigure.actuate.metrics.MetricsExportContextCustomizerFactory$DisableMetricExportContextCustomizer@557a1e2d, org.springframework.boot.test.autoconfigure.filter.TypeExcludeFiltersContextCustomizer@351584c0, org.springframework.boot.test.autoconfigure.properties.PropertyMappingContextCustomizer@e788442f, org.springframework.boot.test.autoconfigure.web.servlet.WebDriverContextCustomizerFactory$Customizer@2756c0a7, [ImportsContextCustomizer@489b7559 key = [org.springframework.boot.autoconfigure.cache.CacheAutoConfiguration, org.springframework.boot.autoconfigure.data.jpa.JpaRepositoriesAutoConfiguration, org.springframework.boot.autoconfigure.flyway.FlywayAutoConfiguration, org.springframework.boot.autoconfigure.jdbc.DataSourceAutoConfiguration, org.springframework.boot.autoconfigure.jdbc.DataSourceTransactionManagerAutoConfiguration, org.springframework.boot.autoconfigure.jdbc.JdbcTemplateAutoConfiguration, org.springframework.boot.autoconfigure.liquibase.LiquibaseAutoConfiguration, org.springframework.boot.autoconfigure.orm.jpa.HibernateJpaAutoConfiguration, org.springframework.boot.autoconfigure.transaction.TransactionAutoConfiguration, org.springframework.boot.test.autoconfigure.jdbc.TestDatabaseAutoConfiguration, org.springframework.boot.test.autoconfigure.orm.jpa.TestEntityManagerAutoConfiguration]], org.springframework.boot.test.context.filter.ExcludeFilterContextCustomizer@1992eaf4, org.springframework.boot.test.json.DuplicateJsonObjectContextCustomizerFactory$DuplicateJsonObjectContextCustomizer@3f28bd56, org.springframework.boot.test.mock.mockito.MockitoContextCustomizer@0, org.springframework.boot.test.context.SpringBootTestArgs@1, org.springframework.boot.test.context.SpringBootTestWebEnvironment@0], contextLoader = 'org.springframework.boot.test.context.SpringBootContextLoader', parent = [null]], attributes = map[[empty]]]
2022-02-08 16:22:37.238  INFO 32664 --- [    Test worker] o.s.t.c.transaction.TransactionContext   : Began transaction (1) for test context [DefaultTestContext@1693d505 testClass = PaperTemplateTest, testInstance = com.sp.fc.paper.service.PaperTemplateTest@7a689979, testMethod = test_3@PaperTemplateTest, testException = [null], mergedContextConfiguration = [MergedContextConfiguration@17b387ef testClass = PaperTemplateTest, locations = '{}', classes = '{class com.sp.fc.paper.PaperTestApp}', contextInitializerClasses = '[]', activeProfiles = '{}', propertySourceLocations = '{}', propertySourceProperties = '{org.springframework.boot.test.autoconfigure.orm.jpa.DataJpaTestContextBootstrapper=true}', contextCustomizers = set[org.springframework.boot.test.autoconfigure.OverrideAutoConfigurationContextCustomizerFactory$DisableAutoConfigurationContextCustomizer@5ed731d0, org.springframework.boot.test.autoconfigure.actuate.metrics.MetricsExportContextCustomizerFactory$DisableMetricExportContextCustomizer@557a1e2d, org.springframework.boot.test.autoconfigure.filter.TypeExcludeFiltersContextCustomizer@351584c0, org.springframework.boot.test.autoconfigure.properties.PropertyMappingContextCustomizer@e788442f, org.springframework.boot.test.autoconfigure.web.servlet.WebDriverContextCustomizerFactory$Customizer@2756c0a7, [ImportsContextCustomizer@489b7559 key = [org.springframework.boot.autoconfigure.cache.CacheAutoConfiguration, org.springframework.boot.autoconfigure.data.jpa.JpaRepositoriesAutoConfiguration, org.springframework.boot.autoconfigure.flyway.FlywayAutoConfiguration, org.springframework.boot.autoconfigure.jdbc.DataSourceAutoConfiguration, org.springframework.boot.autoconfigure.jdbc.DataSourceTransactionManagerAutoConfiguration, org.springframework.boot.autoconfigure.jdbc.JdbcTemplateAutoConfiguration, org.springframework.boot.autoconfigure.liquibase.LiquibaseAutoConfiguration, org.springframework.boot.autoconfigure.orm.jpa.HibernateJpaAutoConfiguration, org.springframework.boot.autoconfigure.transaction.TransactionAutoConfiguration, org.springframework.boot.test.autoconfigure.jdbc.TestDatabaseAutoConfiguration, org.springframework.boot.test.autoconfigure.orm.jpa.TestEntityManagerAutoConfiguration]], org.springframework.boot.test.context.filter.ExcludeFilterContextCustomizer@1992eaf4, org.springframework.boot.test.json.DuplicateJsonObjectContextCustomizerFactory$DuplicateJsonObjectContextCustomizer@3f28bd56, org.springframework.boot.test.mock.mockito.MockitoContextCustomizer@0, org.springframework.boot.test.context.SpringBootTestArgs@1, org.springframework.boot.test.context.SpringBootTestWebEnvironment@0], contextLoader = 'org.springframework.boot.test.context.SpringBootContextLoader', parent = [null]], attributes = map[[empty]]]; transaction manager [org.springframework.orm.jpa.JpaTransactionManager@a44ad33]; rollback [true]
Hibernate: select problem0_.problem_id as problem_1_4_, problem0_.answer as answer2_4_, problem0_.content as content3_4_, problem0_.created as created4_4_, problem0_.index_num as index_nu5_4_, problem0_.paper_template_id as paper_te6_4_, problem0_.updated as updated7_4_ from sp_problem problem0_
Hibernate: select papertempl0_.paper_template_id as paper_te1_3_, papertempl0_.complete_count as complete2_3_, papertempl0_.created as created3_3_, papertempl0_.name as name4_3_, papertempl0_.published_count as publishe5_3_, papertempl0_.total as total6_3_, papertempl0_.updated as updated7_3_, papertempl0_.user_id as user_id8_3_ from sp_paper_template papertempl0_
Hibernate: select school0_.school_id as school_i1_5_, school0_.city as city2_5_, school0_.created as created3_5_, school0_.name as name4_5_, school0_.updated as updated5_5_ from sp_school school0_
Hibernate: select user0_.user_id as user_id1_6_, user0_.created as created2_6_, user0_.email as email3_6_, user0_.enabled as enabled4_6_, user0_.grade as grade5_6_, user0_.name as name6_6_, user0_.password as password7_6_, user0_.school_school_id as school_s9_6_, user0_.teacher_user_id as teacher10_6_, user0_.updated as updated8_6_ from sp_user user0_
Hibernate: insert into sp_school (school_id, city, created, name, updated) values (null, ?, ?, ?, ?)
Hibernate: insert into sp_user (user_id, created, email, enabled, grade, name, password, school_school_id, teacher_user_id, updated) values (null, ?, ?, ?, ?, ?, ?, ?, ?, ?)
Hibernate: select authority0_.user_id as user_id1_0_0_, authority0_.authority as authorit2_0_0_ from sp_authority authority0_ where authority0_.user_id=? and authority0_.authority=?
Hibernate: insert into sp_authority (user_id, authority) values (?, ?)
Hibernate: insert into sp_paper_template (paper_template_id, complete_count, created, name, published_count, total, updated, user_id) values (null, ?, ?, ?, ?, ?, ?, ?)
Hibernate: insert into sp_problem (problem_id, answer, content, created, index_num, paper_template_id, updated) values (null, ?, ?, ?, ?, ?, ?)
Hibernate: insert into sp_problem (problem_id, answer, content, created, index_num, paper_template_id, updated) values (null, ?, ?, ?, ?, ?, ?)
Hibernate: insert into sp_problem (problem_id, answer, content, created, index_num, paper_template_id, updated) values (null, ?, ?, ?, ?, ?, ?)
Hibernate: update sp_user set email=?, enabled=?, grade=?, name=?, password=?, school_school_id=?, teacher_user_id=?, updated=? where user_id=?
Hibernate: update sp_paper_template set complete_count=?, name=?, published_count=?, total=?, updated=?, user_id=? where paper_template_id=?
Hibernate: update sp_authority set authorities_user_id=? where user_id=? and authority=?
Hibernate: update sp_problem set problem_list_paper_template_id=? where problem_id=?
Hibernate: update sp_problem set problem_list_paper_template_id=? where problem_id=?
Hibernate: update sp_problem set problem_list_paper_template_id=? where problem_id=?
Hibernate: select papertempl0_.paper_template_id as paper_te1_3_, papertempl0_.complete_count as complete2_3_, papertempl0_.created as created3_3_, papertempl0_.name as name4_3_, papertempl0_.published_count as publishe5_3_, papertempl0_.total as total6_3_, papertempl0_.updated as updated7_3_, papertempl0_.user_id as user_id8_3_ from sp_paper_template papertempl0_
Hibernate: update sp_paper_template set complete_count=?, name=?, published_count=?, total=?, updated=?, user_id=? where paper_template_id=?
Hibernate: update sp_problem set answer=?, content=?, index_num=?, paper_template_id=?, updated=? where problem_id=?
Hibernate: update sp_problem set problem_list_paper_template_id=null where problem_list_paper_template_id=?
Hibernate: update sp_problem set problem_list_paper_template_id=? where problem_id=?
Hibernate: update sp_problem set problem_list_paper_template_id=? where problem_id=?
Hibernate: delete from sp_problem where problem_id=?
Hibernate: select papertempl0_.paper_template_id as paper_te1_3_, papertempl0_.complete_count as complete2_3_, papertempl0_.created as created3_3_, papertempl0_.name as name4_3_, papertempl0_.published_count as publishe5_3_, papertempl0_.total as total6_3_, papertempl0_.updated as updated7_3_, papertempl0_.user_id as user_id8_3_ from sp_paper_template papertempl0_
Hibernate: select papertempl0_.paper_template_id as paper_te1_3_, papertempl0_.complete_count as complete2_3_, papertempl0_.created as created3_3_, papertempl0_.name as name4_3_, papertempl0_.published_count as publishe5_3_, papertempl0_.total as total6_3_, papertempl0_.updated as updated7_3_, papertempl0_.user_id as user_id8_3_ from sp_paper_template papertempl0_
2022-02-08 16:22:37.298  INFO 32664 --- [    Test worker] o.s.t.c.transaction.TransactionContext   : Rolled back transaction for test: [DefaultTestContext@1693d505 testClass = PaperTemplateTest, testInstance = com.sp.fc.paper.service.PaperTemplateTest@7a689979, testMethod = test_3@PaperTemplateTest, testException = [null], mergedContextConfiguration = [MergedContextConfiguration@17b387ef testClass = PaperTemplateTest, locations = '{}', classes = '{class com.sp.fc.paper.PaperTestApp}', contextInitializerClasses = '[]', activeProfiles = '{}', propertySourceLocations = '{}', propertySourceProperties = '{org.springframework.boot.test.autoconfigure.orm.jpa.DataJpaTestContextBootstrapper=true}', contextCustomizers = set[org.springframework.boot.test.autoconfigure.OverrideAutoConfigurationContextCustomizerFactory$DisableAutoConfigurationContextCustomizer@5ed731d0, org.springframework.boot.test.autoconfigure.actuate.metrics.MetricsExportContextCustomizerFactory$DisableMetricExportContextCustomizer@557a1e2d, org.springframework.boot.test.autoconfigure.filter.TypeExcludeFiltersContextCustomizer@351584c0, org.springframework.boot.test.autoconfigure.properties.PropertyMappingContextCustomizer@e788442f, org.springframework.boot.test.autoconfigure.web.servlet.WebDriverContextCustomizerFactory$Customizer@2756c0a7, [ImportsContextCustomizer@489b7559 key = [org.springframework.boot.autoconfigure.cache.CacheAutoConfiguration, org.springframework.boot.autoconfigure.data.jpa.JpaRepositoriesAutoConfiguration, org.springframework.boot.autoconfigure.flyway.FlywayAutoConfiguration, org.springframework.boot.autoconfigure.jdbc.DataSourceAutoConfiguration, org.springframework.boot.autoconfigure.jdbc.DataSourceTransactionManagerAutoConfiguration, org.springframework.boot.autoconfigure.jdbc.JdbcTemplateAutoConfiguration, org.springframework.boot.autoconfigure.liquibase.LiquibaseAutoConfiguration, org.springframework.boot.autoconfigure.orm.jpa.HibernateJpaAutoConfiguration, org.springframework.boot.autoconfigure.transaction.TransactionAutoConfiguration, org.springframework.boot.test.autoconfigure.jdbc.TestDatabaseAutoConfiguration, org.springframework.boot.test.autoconfigure.orm.jpa.TestEntityManagerAutoConfiguration]], org.springframework.boot.test.context.filter.ExcludeFilterContextCustomizer@1992eaf4, org.springframework.boot.test.json.DuplicateJsonObjectContextCustomizerFactory$DuplicateJsonObjectContextCustomizer@3f28bd56, org.springframework.boot.test.mock.mockito.MockitoContextCustomizer@0, org.springframework.boot.test.context.SpringBootTestArgs@1, org.springframework.boot.test.context.SpringBootTestWebEnvironment@0], contextLoader = 'org.springframework.boot.test.context.SpringBootContextLoader', parent = [null]], attributes = map[[empty]]]
]]></system-out>
  <system-err><![CDATA[]]></system-err>
</testsuite>
