<?xml version="1.0" encoding="UTF-8"?>
<testsuite name="com.sp.fc.user.service.StudentTest" tests="3" skipped="0" failures="0" errors="0" timestamp="2022-02-08T07:22:46" hostname="BLUEWIND" time="0.161">
  <properties/>
  <testcase name="1. 학습자를 등록한다." classname="com.sp.fc.user.service.StudentTest" time="0.09"/>
  <testcase name="2. 선생님을 등록하면 선생님의 학생으로 조회된다" classname="com.sp.fc.user.service.StudentTest" time="0.033"/>
  <testcase name="3. 학교로 학습자가 조회된다." classname="com.sp.fc.user.service.StudentTest" time="0.034"/>
  <system-out><![CDATA[2022-02-08 16:22:46.695  INFO 5728 --- [    Test worker] b.t.a.o.j.DataJpaTestContextBootstrapper : Neither @ContextConfiguration nor @ContextHierarchy found for test class [com.sp.fc.user.service.StudentTest], using SpringBootContextLoader
2022-02-08 16:22:46.698  INFO 5728 --- [    Test worker] o.s.t.c.support.AbstractContextLoader    : Could not detect default resource locations for test class [com.sp.fc.user.service.StudentTest]: no resource found for suffixes {-context.xml, Context.groovy}.
2022-02-08 16:22:46.698  INFO 5728 --- [    Test worker] t.c.s.AnnotationConfigContextLoaderUtils : Could not detect default configuration classes for test class [com.sp.fc.user.service.StudentTest]: StudentTest does not declare any static, non-private, non-final, nested classes annotated with @Configuration.
2022-02-08 16:22:46.708  INFO 5728 --- [    Test worker] .b.t.c.SpringBootTestContextBootstrapper : Found @SpringBootConfiguration com.sp.fc.user.PaperUserTestApp for test class com.sp.fc.user.service.StudentTest
2022-02-08 16:22:46.710  INFO 5728 --- [    Test worker] b.t.a.o.j.DataJpaTestContextBootstrapper : Loaded default TestExecutionListener class names from location [META-INF/spring.factories]: [org.springframework.boot.test.autoconfigure.restdocs.RestDocsTestExecutionListener, org.springframework.boot.test.autoconfigure.web.client.MockRestServiceServerResetTestExecutionListener, org.springframework.boot.test.autoconfigure.web.servlet.MockMvcPrintOnlyOnFailureTestExecutionListener, org.springframework.boot.test.autoconfigure.web.servlet.WebDriverTestExecutionListener, org.springframework.boot.test.autoconfigure.webservices.client.MockWebServiceServerTestExecutionListener, org.springframework.boot.test.mock.mockito.MockitoTestExecutionListener, org.springframework.boot.test.mock.mockito.ResetMocksTestExecutionListener, org.springframework.test.context.web.ServletTestExecutionListener, org.springframework.test.context.support.DirtiesContextBeforeModesTestExecutionListener, org.springframework.test.context.support.DependencyInjectionTestExecutionListener, org.springframework.test.context.support.DirtiesContextTestExecutionListener, org.springframework.test.context.transaction.TransactionalTestExecutionListener, org.springframework.test.context.jdbc.SqlScriptsTestExecutionListener, org.springframework.test.context.event.EventPublishingTestExecutionListener]
2022-02-08 16:22:46.712  INFO 5728 --- [    Test worker] b.t.a.o.j.DataJpaTestContextBootstrapper : Using TestExecutionListeners: [org.springframework.test.context.support.DirtiesContextBeforeModesTestExecutionListener@2f3c7b24, org.springframework.boot.test.mock.mockito.MockitoTestExecutionListener@7dbd70fd, org.springframework.boot.test.autoconfigure.SpringBootDependencyInjectionTestExecutionListener@2cb53bfc, org.springframework.test.context.support.DirtiesContextTestExecutionListener@779448b8, org.springframework.test.context.transaction.TransactionalTestExecutionListener@3bbdf835, org.springframework.test.context.jdbc.SqlScriptsTestExecutionListener@2d114d27, org.springframework.test.context.event.EventPublishingTestExecutionListener@28fef9a2, org.springframework.boot.test.autoconfigure.restdocs.RestDocsTestExecutionListener@7dfab58d, org.springframework.boot.test.autoconfigure.web.client.MockRestServiceServerResetTestExecutionListener@29d29657, org.springframework.boot.test.autoconfigure.web.servlet.MockMvcPrintOnlyOnFailureTestExecutionListener@e0d9e3f, org.springframework.boot.test.autoconfigure.web.servlet.WebDriverTestExecutionListener@516155b5, org.springframework.boot.test.autoconfigure.webservices.client.MockWebServiceServerTestExecutionListener@799fc4c9, org.springframework.boot.test.mock.mockito.ResetMocksTestExecutionListener@44428583]
2022-02-08 16:22:46.721  INFO 5728 --- [    Test worker] o.s.t.c.transaction.TransactionContext   : Began transaction (1) for test context [DefaultTestContext@2acbe46d testClass = StudentTest, testInstance = com.sp.fc.user.service.StudentTest@6c6b00f1, testMethod = test_1@StudentTest, testException = [null], mergedContextConfiguration = [MergedContextConfiguration@48126a17 testClass = StudentTest, locations = '{}', classes = '{class com.sp.fc.user.PaperUserTestApp}', contextInitializerClasses = '[]', activeProfiles = '{}', propertySourceLocations = '{}', propertySourceProperties = '{org.springframework.boot.test.autoconfigure.orm.jpa.DataJpaTestContextBootstrapper=true}', contextCustomizers = set[org.springframework.boot.test.autoconfigure.OverrideAutoConfigurationContextCustomizerFactory$DisableAutoConfigurationContextCustomizer@b968a76, org.springframework.boot.test.autoconfigure.actuate.metrics.MetricsExportContextCustomizerFactory$DisableMetricExportContextCustomizer@1433046b, org.springframework.boot.test.autoconfigure.filter.TypeExcludeFiltersContextCustomizer@351584c0, org.springframework.boot.test.autoconfigure.properties.PropertyMappingContextCustomizer@2ab87a58, org.springframework.boot.test.autoconfigure.web.servlet.WebDriverContextCustomizerFactory$Customizer@3e8f7922, [ImportsContextCustomizer@1a7437d8 key = [org.springframework.boot.autoconfigure.cache.CacheAutoConfiguration, org.springframework.boot.autoconfigure.data.jpa.JpaRepositoriesAutoConfiguration, org.springframework.boot.autoconfigure.flyway.FlywayAutoConfiguration, org.springframework.boot.autoconfigure.jdbc.DataSourceAutoConfiguration, org.springframework.boot.autoconfigure.jdbc.DataSourceTransactionManagerAutoConfiguration, org.springframework.boot.autoconfigure.jdbc.JdbcTemplateAutoConfiguration, org.springframework.boot.autoconfigure.liquibase.LiquibaseAutoConfiguration, org.springframework.boot.autoconfigure.orm.jpa.HibernateJpaAutoConfiguration, org.springframework.boot.autoconfigure.transaction.TransactionAutoConfiguration, org.springframework.boot.test.autoconfigure.jdbc.TestDatabaseAutoConfiguration, org.springframework.boot.test.autoconfigure.orm.jpa.TestEntityManagerAutoConfiguration]], org.springframework.boot.test.context.filter.ExcludeFilterContextCustomizer@4ae33a11, org.springframework.boot.test.json.DuplicateJsonObjectContextCustomizerFactory$DuplicateJsonObjectContextCustomizer@3a94964, org.springframework.boot.test.mock.mockito.MockitoContextCustomizer@0, org.springframework.boot.test.context.SpringBootTestArgs@1, org.springframework.boot.test.context.SpringBootTestWebEnvironment@0], contextLoader = 'org.springframework.boot.test.context.SpringBootContextLoader', parent = [null]], attributes = map[[empty]]]; transaction manager [org.springframework.orm.jpa.JpaTransactionManager@531299d3]; rollback [true]
Hibernate: select school0_.school_id as school_i1_1_, school0_.city as city2_1_, school0_.created as created3_1_, school0_.name as name4_1_, school0_.updated as updated5_1_ from sp_school school0_
Hibernate: select user0_.user_id as user_id1_2_, user0_.created as created2_2_, user0_.email as email3_2_, user0_.enabled as enabled4_2_, user0_.grade as grade5_2_, user0_.name as name6_2_, user0_.password as password7_2_, user0_.school_school_id as school_s9_2_, user0_.teacher_user_id as teacher10_2_, user0_.updated as updated8_2_ from sp_user user0_
Hibernate: insert into sp_school (school_id, city, created, name, updated) values (null, ?, ?, ?, ?)
Hibernate: insert into sp_user (user_id, created, email, enabled, grade, name, password, school_school_id, teacher_user_id, updated) values (null, ?, ?, ?, ?, ?, ?, ?, ?, ?)
Hibernate: select authority0_.user_id as user_id1_0_0_, authority0_.authority as authorit2_0_0_ from sp_authority authority0_ where authority0_.user_id=? and authority0_.authority=?
Hibernate: insert into sp_authority (user_id, authority) values (?, ?)
Hibernate: insert into sp_user (user_id, created, email, enabled, grade, name, password, school_school_id, teacher_user_id, updated) values (null, ?, ?, ?, ?, ?, ?, ?, ?, ?)
Hibernate: select authority0_.user_id as user_id1_0_0_, authority0_.authority as authorit2_0_0_ from sp_authority authority0_ where authority0_.user_id=? and authority0_.authority=?
Hibernate: insert into sp_authority (user_id, authority) values (?, ?)
Hibernate: update sp_user set email=?, enabled=?, grade=?, name=?, password=?, school_school_id=?, teacher_user_id=?, updated=? where user_id=?
Hibernate: update sp_user set email=?, enabled=?, grade=?, name=?, password=?, school_school_id=?, teacher_user_id=?, updated=? where user_id=?
Hibernate: update sp_authority set authorities_user_id=? where user_id=? and authority=?
Hibernate: update sp_authority set authorities_user_id=? where user_id=? and authority=?
Hibernate: select user0_.user_id as user_id1_2_, user0_.created as created2_2_, user0_.email as email3_2_, user0_.enabled as enabled4_2_, user0_.grade as grade5_2_, user0_.name as name6_2_, user0_.password as password7_2_, user0_.school_school_id as school_s9_2_, user0_.teacher_user_id as teacher10_2_, user0_.updated as updated8_2_ from sp_user user0_ cross join sp_authority authority1_ where user0_.user_id=authority1_.user_id and authority1_.authority=?
2022-02-08 16:22:46.810  INFO 5728 --- [    Test worker] o.s.t.c.transaction.TransactionContext   : Rolled back transaction for test: [DefaultTestContext@2acbe46d testClass = StudentTest, testInstance = com.sp.fc.user.service.StudentTest@6c6b00f1, testMethod = test_1@StudentTest, testException = [null], mergedContextConfiguration = [MergedContextConfiguration@48126a17 testClass = StudentTest, locations = '{}', classes = '{class com.sp.fc.user.PaperUserTestApp}', contextInitializerClasses = '[]', activeProfiles = '{}', propertySourceLocations = '{}', propertySourceProperties = '{org.springframework.boot.test.autoconfigure.orm.jpa.DataJpaTestContextBootstrapper=true}', contextCustomizers = set[org.springframework.boot.test.autoconfigure.OverrideAutoConfigurationContextCustomizerFactory$DisableAutoConfigurationContextCustomizer@b968a76, org.springframework.boot.test.autoconfigure.actuate.metrics.MetricsExportContextCustomizerFactory$DisableMetricExportContextCustomizer@1433046b, org.springframework.boot.test.autoconfigure.filter.TypeExcludeFiltersContextCustomizer@351584c0, org.springframework.boot.test.autoconfigure.properties.PropertyMappingContextCustomizer@2ab87a58, org.springframework.boot.test.autoconfigure.web.servlet.WebDriverContextCustomizerFactory$Customizer@3e8f7922, [ImportsContextCustomizer@1a7437d8 key = [org.springframework.boot.autoconfigure.cache.CacheAutoConfiguration, org.springframework.boot.autoconfigure.data.jpa.JpaRepositoriesAutoConfiguration, org.springframework.boot.autoconfigure.flyway.FlywayAutoConfiguration, org.springframework.boot.autoconfigure.jdbc.DataSourceAutoConfiguration, org.springframework.boot.autoconfigure.jdbc.DataSourceTransactionManagerAutoConfiguration, org.springframework.boot.autoconfigure.jdbc.JdbcTemplateAutoConfiguration, org.springframework.boot.autoconfigure.liquibase.LiquibaseAutoConfiguration, org.springframework.boot.autoconfigure.orm.jpa.HibernateJpaAutoConfiguration, org.springframework.boot.autoconfigure.transaction.TransactionAutoConfiguration, org.springframework.boot.test.autoconfigure.jdbc.TestDatabaseAutoConfiguration, org.springframework.boot.test.autoconfigure.orm.jpa.TestEntityManagerAutoConfiguration]], org.springframework.boot.test.context.filter.ExcludeFilterContextCustomizer@4ae33a11, org.springframework.boot.test.json.DuplicateJsonObjectContextCustomizerFactory$DuplicateJsonObjectContextCustomizer@3a94964, org.springframework.boot.test.mock.mockito.MockitoContextCustomizer@0, org.springframework.boot.test.context.SpringBootTestArgs@1, org.springframework.boot.test.context.SpringBootTestWebEnvironment@0], contextLoader = 'org.springframework.boot.test.context.SpringBootContextLoader', parent = [null]], attributes = map[[empty]]]
2022-02-08 16:22:46.814  INFO 5728 --- [    Test worker] o.s.t.c.transaction.TransactionContext   : Began transaction (1) for test context [DefaultTestContext@2acbe46d testClass = StudentTest, testInstance = com.sp.fc.user.service.StudentTest@633c0a61, testMethod = test_2@StudentTest, testException = [null], mergedContextConfiguration = [MergedContextConfiguration@48126a17 testClass = StudentTest, locations = '{}', classes = '{class com.sp.fc.user.PaperUserTestApp}', contextInitializerClasses = '[]', activeProfiles = '{}', propertySourceLocations = '{}', propertySourceProperties = '{org.springframework.boot.test.autoconfigure.orm.jpa.DataJpaTestContextBootstrapper=true}', contextCustomizers = set[org.springframework.boot.test.autoconfigure.OverrideAutoConfigurationContextCustomizerFactory$DisableAutoConfigurationContextCustomizer@b968a76, org.springframework.boot.test.autoconfigure.actuate.metrics.MetricsExportContextCustomizerFactory$DisableMetricExportContextCustomizer@1433046b, org.springframework.boot.test.autoconfigure.filter.TypeExcludeFiltersContextCustomizer@351584c0, org.springframework.boot.test.autoconfigure.properties.PropertyMappingContextCustomizer@2ab87a58, org.springframework.boot.test.autoconfigure.web.servlet.WebDriverContextCustomizerFactory$Customizer@3e8f7922, [ImportsContextCustomizer@1a7437d8 key = [org.springframework.boot.autoconfigure.cache.CacheAutoConfiguration, org.springframework.boot.autoconfigure.data.jpa.JpaRepositoriesAutoConfiguration, org.springframework.boot.autoconfigure.flyway.FlywayAutoConfiguration, org.springframework.boot.autoconfigure.jdbc.DataSourceAutoConfiguration, org.springframework.boot.autoconfigure.jdbc.DataSourceTransactionManagerAutoConfiguration, org.springframework.boot.autoconfigure.jdbc.JdbcTemplateAutoConfiguration, org.springframework.boot.autoconfigure.liquibase.LiquibaseAutoConfiguration, org.springframework.boot.autoconfigure.orm.jpa.HibernateJpaAutoConfiguration, org.springframework.boot.autoconfigure.transaction.TransactionAutoConfiguration, org.springframework.boot.test.autoconfigure.jdbc.TestDatabaseAutoConfiguration, org.springframework.boot.test.autoconfigure.orm.jpa.TestEntityManagerAutoConfiguration]], org.springframework.boot.test.context.filter.ExcludeFilterContextCustomizer@4ae33a11, org.springframework.boot.test.json.DuplicateJsonObjectContextCustomizerFactory$DuplicateJsonObjectContextCustomizer@3a94964, org.springframework.boot.test.mock.mockito.MockitoContextCustomizer@0, org.springframework.boot.test.context.SpringBootTestArgs@1, org.springframework.boot.test.context.SpringBootTestWebEnvironment@0], contextLoader = 'org.springframework.boot.test.context.SpringBootContextLoader', parent = [null]], attributes = map[[empty]]]; transaction manager [org.springframework.orm.jpa.JpaTransactionManager@531299d3]; rollback [true]
Hibernate: select school0_.school_id as school_i1_1_, school0_.city as city2_1_, school0_.created as created3_1_, school0_.name as name4_1_, school0_.updated as updated5_1_ from sp_school school0_
Hibernate: select user0_.user_id as user_id1_2_, user0_.created as created2_2_, user0_.email as email3_2_, user0_.enabled as enabled4_2_, user0_.grade as grade5_2_, user0_.name as name6_2_, user0_.password as password7_2_, user0_.school_school_id as school_s9_2_, user0_.teacher_user_id as teacher10_2_, user0_.updated as updated8_2_ from sp_user user0_
Hibernate: insert into sp_school (school_id, city, created, name, updated) values (null, ?, ?, ?, ?)
Hibernate: insert into sp_user (user_id, created, email, enabled, grade, name, password, school_school_id, teacher_user_id, updated) values (null, ?, ?, ?, ?, ?, ?, ?, ?, ?)
Hibernate: select authority0_.user_id as user_id1_0_0_, authority0_.authority as authorit2_0_0_ from sp_authority authority0_ where authority0_.user_id=? and authority0_.authority=?
Hibernate: insert into sp_authority (user_id, authority) values (?, ?)
Hibernate: insert into sp_user (user_id, created, email, enabled, grade, name, password, school_school_id, teacher_user_id, updated) values (null, ?, ?, ?, ?, ?, ?, ?, ?, ?)
Hibernate: select authority0_.user_id as user_id1_0_0_, authority0_.authority as authorit2_0_0_ from sp_authority authority0_ where authority0_.user_id=? and authority0_.authority=?
Hibernate: insert into sp_authority (user_id, authority) values (?, ?)
Hibernate: update sp_user set email=?, enabled=?, grade=?, name=?, password=?, school_school_id=?, teacher_user_id=?, updated=? where user_id=?
Hibernate: update sp_user set email=?, enabled=?, grade=?, name=?, password=?, school_school_id=?, teacher_user_id=?, updated=? where user_id=?
Hibernate: update sp_authority set authorities_user_id=? where user_id=? and authority=?
Hibernate: update sp_authority set authorities_user_id=? where user_id=? and authority=?
Hibernate: select user0_.user_id as user_id1_2_, user0_.created as created2_2_, user0_.email as email3_2_, user0_.enabled as enabled4_2_, user0_.grade as grade5_2_, user0_.name as name6_2_, user0_.password as password7_2_, user0_.school_school_id as school_s9_2_, user0_.teacher_user_id as teacher10_2_, user0_.updated as updated8_2_ from sp_user user0_ cross join sp_user user1_ where user0_.teacher_user_id=user1_.user_id and user1_.user_id=?
2022-02-08 16:22:46.845  INFO 5728 --- [    Test worker] o.s.t.c.transaction.TransactionContext   : Rolled back transaction for test: [DefaultTestContext@2acbe46d testClass = StudentTest, testInstance = com.sp.fc.user.service.StudentTest@633c0a61, testMethod = test_2@StudentTest, testException = [null], mergedContextConfiguration = [MergedContextConfiguration@48126a17 testClass = StudentTest, locations = '{}', classes = '{class com.sp.fc.user.PaperUserTestApp}', contextInitializerClasses = '[]', activeProfiles = '{}', propertySourceLocations = '{}', propertySourceProperties = '{org.springframework.boot.test.autoconfigure.orm.jpa.DataJpaTestContextBootstrapper=true}', contextCustomizers = set[org.springframework.boot.test.autoconfigure.OverrideAutoConfigurationContextCustomizerFactory$DisableAutoConfigurationContextCustomizer@b968a76, org.springframework.boot.test.autoconfigure.actuate.metrics.MetricsExportContextCustomizerFactory$DisableMetricExportContextCustomizer@1433046b, org.springframework.boot.test.autoconfigure.filter.TypeExcludeFiltersContextCustomizer@351584c0, org.springframework.boot.test.autoconfigure.properties.PropertyMappingContextCustomizer@2ab87a58, org.springframework.boot.test.autoconfigure.web.servlet.WebDriverContextCustomizerFactory$Customizer@3e8f7922, [ImportsContextCustomizer@1a7437d8 key = [org.springframework.boot.autoconfigure.cache.CacheAutoConfiguration, org.springframework.boot.autoconfigure.data.jpa.JpaRepositoriesAutoConfiguration, org.springframework.boot.autoconfigure.flyway.FlywayAutoConfiguration, org.springframework.boot.autoconfigure.jdbc.DataSourceAutoConfiguration, org.springframework.boot.autoconfigure.jdbc.DataSourceTransactionManagerAutoConfiguration, org.springframework.boot.autoconfigure.jdbc.JdbcTemplateAutoConfiguration, org.springframework.boot.autoconfigure.liquibase.LiquibaseAutoConfiguration, org.springframework.boot.autoconfigure.orm.jpa.HibernateJpaAutoConfiguration, org.springframework.boot.autoconfigure.transaction.TransactionAutoConfiguration, org.springframework.boot.test.autoconfigure.jdbc.TestDatabaseAutoConfiguration, org.springframework.boot.test.autoconfigure.orm.jpa.TestEntityManagerAutoConfiguration]], org.springframework.boot.test.context.filter.ExcludeFilterContextCustomizer@4ae33a11, org.springframework.boot.test.json.DuplicateJsonObjectContextCustomizerFactory$DuplicateJsonObjectContextCustomizer@3a94964, org.springframework.boot.test.mock.mockito.MockitoContextCustomizer@0, org.springframework.boot.test.context.SpringBootTestArgs@1, org.springframework.boot.test.context.SpringBootTestWebEnvironment@0], contextLoader = 'org.springframework.boot.test.context.SpringBootContextLoader', parent = [null]], attributes = map[[empty]]]
2022-02-08 16:22:46.850  INFO 5728 --- [    Test worker] o.s.t.c.transaction.TransactionContext   : Began transaction (1) for test context [DefaultTestContext@2acbe46d testClass = StudentTest, testInstance = com.sp.fc.user.service.StudentTest@3dc7c5fd, testMethod = test_3@StudentTest, testException = [null], mergedContextConfiguration = [MergedContextConfiguration@48126a17 testClass = StudentTest, locations = '{}', classes = '{class com.sp.fc.user.PaperUserTestApp}', contextInitializerClasses = '[]', activeProfiles = '{}', propertySourceLocations = '{}', propertySourceProperties = '{org.springframework.boot.test.autoconfigure.orm.jpa.DataJpaTestContextBootstrapper=true}', contextCustomizers = set[org.springframework.boot.test.autoconfigure.OverrideAutoConfigurationContextCustomizerFactory$DisableAutoConfigurationContextCustomizer@b968a76, org.springframework.boot.test.autoconfigure.actuate.metrics.MetricsExportContextCustomizerFactory$DisableMetricExportContextCustomizer@1433046b, org.springframework.boot.test.autoconfigure.filter.TypeExcludeFiltersContextCustomizer@351584c0, org.springframework.boot.test.autoconfigure.properties.PropertyMappingContextCustomizer@2ab87a58, org.springframework.boot.test.autoconfigure.web.servlet.WebDriverContextCustomizerFactory$Customizer@3e8f7922, [ImportsContextCustomizer@1a7437d8 key = [org.springframework.boot.autoconfigure.cache.CacheAutoConfiguration, org.springframework.boot.autoconfigure.data.jpa.JpaRepositoriesAutoConfiguration, org.springframework.boot.autoconfigure.flyway.FlywayAutoConfiguration, org.springframework.boot.autoconfigure.jdbc.DataSourceAutoConfiguration, org.springframework.boot.autoconfigure.jdbc.DataSourceTransactionManagerAutoConfiguration, org.springframework.boot.autoconfigure.jdbc.JdbcTemplateAutoConfiguration, org.springframework.boot.autoconfigure.liquibase.LiquibaseAutoConfiguration, org.springframework.boot.autoconfigure.orm.jpa.HibernateJpaAutoConfiguration, org.springframework.boot.autoconfigure.transaction.TransactionAutoConfiguration, org.springframework.boot.test.autoconfigure.jdbc.TestDatabaseAutoConfiguration, org.springframework.boot.test.autoconfigure.orm.jpa.TestEntityManagerAutoConfiguration]], org.springframework.boot.test.context.filter.ExcludeFilterContextCustomizer@4ae33a11, org.springframework.boot.test.json.DuplicateJsonObjectContextCustomizerFactory$DuplicateJsonObjectContextCustomizer@3a94964, org.springframework.boot.test.mock.mockito.MockitoContextCustomizer@0, org.springframework.boot.test.context.SpringBootTestArgs@1, org.springframework.boot.test.context.SpringBootTestWebEnvironment@0], contextLoader = 'org.springframework.boot.test.context.SpringBootContextLoader', parent = [null]], attributes = map[[empty]]]; transaction manager [org.springframework.orm.jpa.JpaTransactionManager@531299d3]; rollback [true]
Hibernate: select school0_.school_id as school_i1_1_, school0_.city as city2_1_, school0_.created as created3_1_, school0_.name as name4_1_, school0_.updated as updated5_1_ from sp_school school0_
Hibernate: select user0_.user_id as user_id1_2_, user0_.created as created2_2_, user0_.email as email3_2_, user0_.enabled as enabled4_2_, user0_.grade as grade5_2_, user0_.name as name6_2_, user0_.password as password7_2_, user0_.school_school_id as school_s9_2_, user0_.teacher_user_id as teacher10_2_, user0_.updated as updated8_2_ from sp_user user0_
Hibernate: insert into sp_school (school_id, city, created, name, updated) values (null, ?, ?, ?, ?)
Hibernate: insert into sp_user (user_id, created, email, enabled, grade, name, password, school_school_id, teacher_user_id, updated) values (null, ?, ?, ?, ?, ?, ?, ?, ?, ?)
Hibernate: select authority0_.user_id as user_id1_0_0_, authority0_.authority as authorit2_0_0_ from sp_authority authority0_ where authority0_.user_id=? and authority0_.authority=?
Hibernate: insert into sp_authority (user_id, authority) values (?, ?)
Hibernate: insert into sp_user (user_id, created, email, enabled, grade, name, password, school_school_id, teacher_user_id, updated) values (null, ?, ?, ?, ?, ?, ?, ?, ?, ?)
Hibernate: select authority0_.user_id as user_id1_0_0_, authority0_.authority as authorit2_0_0_ from sp_authority authority0_ where authority0_.user_id=? and authority0_.authority=?
Hibernate: insert into sp_authority (user_id, authority) values (?, ?)
Hibernate: update sp_user set email=?, enabled=?, grade=?, name=?, password=?, school_school_id=?, teacher_user_id=?, updated=? where user_id=?
Hibernate: update sp_user set email=?, enabled=?, grade=?, name=?, password=?, school_school_id=?, teacher_user_id=?, updated=? where user_id=?
Hibernate: update sp_authority set authorities_user_id=? where user_id=? and authority=?
Hibernate: update sp_authority set authorities_user_id=? where user_id=? and authority=?
Hibernate: select user0_.user_id as user_id1_2_, user0_.created as created2_2_, user0_.email as email3_2_, user0_.enabled as enabled4_2_, user0_.grade as grade5_2_, user0_.name as name6_2_, user0_.password as password7_2_, user0_.school_school_id as school_s9_2_, user0_.teacher_user_id as teacher10_2_, user0_.updated as updated8_2_ from sp_user user0_ cross join sp_authority authority1_ where user0_.school_school_id=? and user0_.user_id=authority1_.user_id and authority1_.authority=?
2022-02-08 16:22:46.881  INFO 5728 --- [    Test worker] o.s.t.c.transaction.TransactionContext   : Rolled back transaction for test: [DefaultTestContext@2acbe46d testClass = StudentTest, testInstance = com.sp.fc.user.service.StudentTest@3dc7c5fd, testMethod = test_3@StudentTest, testException = [null], mergedContextConfiguration = [MergedContextConfiguration@48126a17 testClass = StudentTest, locations = '{}', classes = '{class com.sp.fc.user.PaperUserTestApp}', contextInitializerClasses = '[]', activeProfiles = '{}', propertySourceLocations = '{}', propertySourceProperties = '{org.springframework.boot.test.autoconfigure.orm.jpa.DataJpaTestContextBootstrapper=true}', contextCustomizers = set[org.springframework.boot.test.autoconfigure.OverrideAutoConfigurationContextCustomizerFactory$DisableAutoConfigurationContextCustomizer@b968a76, org.springframework.boot.test.autoconfigure.actuate.metrics.MetricsExportContextCustomizerFactory$DisableMetricExportContextCustomizer@1433046b, org.springframework.boot.test.autoconfigure.filter.TypeExcludeFiltersContextCustomizer@351584c0, org.springframework.boot.test.autoconfigure.properties.PropertyMappingContextCustomizer@2ab87a58, org.springframework.boot.test.autoconfigure.web.servlet.WebDriverContextCustomizerFactory$Customizer@3e8f7922, [ImportsContextCustomizer@1a7437d8 key = [org.springframework.boot.autoconfigure.cache.CacheAutoConfiguration, org.springframework.boot.autoconfigure.data.jpa.JpaRepositoriesAutoConfiguration, org.springframework.boot.autoconfigure.flyway.FlywayAutoConfiguration, org.springframework.boot.autoconfigure.jdbc.DataSourceAutoConfiguration, org.springframework.boot.autoconfigure.jdbc.DataSourceTransactionManagerAutoConfiguration, org.springframework.boot.autoconfigure.jdbc.JdbcTemplateAutoConfiguration, org.springframework.boot.autoconfigure.liquibase.LiquibaseAutoConfiguration, org.springframework.boot.autoconfigure.orm.jpa.HibernateJpaAutoConfiguration, org.springframework.boot.autoconfigure.transaction.TransactionAutoConfiguration, org.springframework.boot.test.autoconfigure.jdbc.TestDatabaseAutoConfiguration, org.springframework.boot.test.autoconfigure.orm.jpa.TestEntityManagerAutoConfiguration]], org.springframework.boot.test.context.filter.ExcludeFilterContextCustomizer@4ae33a11, org.springframework.boot.test.json.DuplicateJsonObjectContextCustomizerFactory$DuplicateJsonObjectContextCustomizer@3a94964, org.springframework.boot.test.mock.mockito.MockitoContextCustomizer@0, org.springframework.boot.test.context.SpringBootTestArgs@1, org.springframework.boot.test.context.SpringBootTestWebEnvironment@0], contextLoader = 'org.springframework.boot.test.context.SpringBootContextLoader', parent = [null]], attributes = map[[empty]]]
]]></system-out>
  <system-err><![CDATA[]]></system-err>
</testsuite>
