<?xml version="1.0" encoding="UTF-8"?>
<testsuite name="com.sp.fc.user.service.UserTest" tests="7" skipped="0" failures="0" errors="0" timestamp="2022-02-08T07:22:47" hostname="BLUEWIND" time="0.2">
  <properties/>
  <testcase name="1. 사용자 생성" classname="com.sp.fc.user.service.UserTest" time="0.016"/>
  <testcase name="2. 이름 수정" classname="com.sp.fc.user.service.UserTest" time="0.056"/>
  <testcase name="3. 권한 부여" classname="com.sp.fc.user.service.UserTest" time="0.021"/>
  <testcase name="4. 권한 취소" classname="com.sp.fc.user.service.UserTest" time="0.019"/>
  <testcase name="5. E-mail 검색" classname="com.sp.fc.user.service.UserTest" time="0.029"/>
  <testcase name="6. ROLE이 중복되어 추가되지 않는다." classname="com.sp.fc.user.service.UserTest" time="0.025"/>
  <testcase name="7. E-mail이 중복되어 회원가입되는가?" classname="com.sp.fc.user.service.UserTest" time="0.026"/>
  <system-out><![CDATA[2022-02-08 16:22:47.062  INFO 5728 --- [    Test worker] b.t.a.o.j.DataJpaTestContextBootstrapper : Neither @ContextConfiguration nor @ContextHierarchy found for test class [com.sp.fc.user.service.UserTest], using SpringBootContextLoader
2022-02-08 16:22:47.063  INFO 5728 --- [    Test worker] o.s.t.c.support.AbstractContextLoader    : Could not detect default resource locations for test class [com.sp.fc.user.service.UserTest]: no resource found for suffixes {-context.xml, Context.groovy}.
2022-02-08 16:22:47.063  INFO 5728 --- [    Test worker] t.c.s.AnnotationConfigContextLoaderUtils : Could not detect default configuration classes for test class [com.sp.fc.user.service.UserTest]: UserTest does not declare any static, non-private, non-final, nested classes annotated with @Configuration.
2022-02-08 16:22:47.068  INFO 5728 --- [    Test worker] .b.t.c.SpringBootTestContextBootstrapper : Found @SpringBootConfiguration com.sp.fc.user.PaperUserTestApp for test class com.sp.fc.user.service.UserTest
2022-02-08 16:22:47.070  INFO 5728 --- [    Test worker] b.t.a.o.j.DataJpaTestContextBootstrapper : Loaded default TestExecutionListener class names from location [META-INF/spring.factories]: [org.springframework.boot.test.autoconfigure.restdocs.RestDocsTestExecutionListener, org.springframework.boot.test.autoconfigure.web.client.MockRestServiceServerResetTestExecutionListener, org.springframework.boot.test.autoconfigure.web.servlet.MockMvcPrintOnlyOnFailureTestExecutionListener, org.springframework.boot.test.autoconfigure.web.servlet.WebDriverTestExecutionListener, org.springframework.boot.test.autoconfigure.webservices.client.MockWebServiceServerTestExecutionListener, org.springframework.boot.test.mock.mockito.MockitoTestExecutionListener, org.springframework.boot.test.mock.mockito.ResetMocksTestExecutionListener, org.springframework.test.context.web.ServletTestExecutionListener, org.springframework.test.context.support.DirtiesContextBeforeModesTestExecutionListener, org.springframework.test.context.support.DependencyInjectionTestExecutionListener, org.springframework.test.context.support.DirtiesContextTestExecutionListener, org.springframework.test.context.transaction.TransactionalTestExecutionListener, org.springframework.test.context.jdbc.SqlScriptsTestExecutionListener, org.springframework.test.context.event.EventPublishingTestExecutionListener]
2022-02-08 16:22:47.072  INFO 5728 --- [    Test worker] b.t.a.o.j.DataJpaTestContextBootstrapper : Using TestExecutionListeners: [org.springframework.test.context.support.DirtiesContextBeforeModesTestExecutionListener@774189d0, org.springframework.boot.test.mock.mockito.MockitoTestExecutionListener@22c4354d, org.springframework.boot.test.autoconfigure.SpringBootDependencyInjectionTestExecutionListener@2681185e, org.springframework.test.context.support.DirtiesContextTestExecutionListener@41f5389f, org.springframework.test.context.transaction.TransactionalTestExecutionListener@3a012678, org.springframework.test.context.jdbc.SqlScriptsTestExecutionListener@396c1228, org.springframework.test.context.event.EventPublishingTestExecutionListener@1701beb3, org.springframework.boot.test.autoconfigure.restdocs.RestDocsTestExecutionListener@7f584d0c, org.springframework.boot.test.autoconfigure.web.client.MockRestServiceServerResetTestExecutionListener@4c599679, org.springframework.boot.test.autoconfigure.web.servlet.MockMvcPrintOnlyOnFailureTestExecutionListener@15fd3088, org.springframework.boot.test.autoconfigure.web.servlet.WebDriverTestExecutionListener@f13e0a2, org.springframework.boot.test.autoconfigure.webservices.client.MockWebServiceServerTestExecutionListener@329efc61, org.springframework.boot.test.mock.mockito.ResetMocksTestExecutionListener@32f45e15]
2022-02-08 16:22:47.080  INFO 5728 --- [    Test worker] o.s.t.c.transaction.TransactionContext   : Began transaction (1) for test context [DefaultTestContext@2c86b0ea testClass = UserTest, testInstance = com.sp.fc.user.service.UserTest@4e481512, testMethod = test_1@UserTest, testException = [null], mergedContextConfiguration = [MergedContextConfiguration@1ba98508 testClass = UserTest, locations = '{}', classes = '{class com.sp.fc.user.PaperUserTestApp}', contextInitializerClasses = '[]', activeProfiles = '{}', propertySourceLocations = '{}', propertySourceProperties = '{org.springframework.boot.test.autoconfigure.orm.jpa.DataJpaTestContextBootstrapper=true}', contextCustomizers = set[org.springframework.boot.test.autoconfigure.OverrideAutoConfigurationContextCustomizerFactory$DisableAutoConfigurationContextCustomizer@b968a76, org.springframework.boot.test.autoconfigure.actuate.metrics.MetricsExportContextCustomizerFactory$DisableMetricExportContextCustomizer@1433046b, org.springframework.boot.test.autoconfigure.filter.TypeExcludeFiltersContextCustomizer@351584c0, org.springframework.boot.test.autoconfigure.properties.PropertyMappingContextCustomizer@2ab87a58, org.springframework.boot.test.autoconfigure.web.servlet.WebDriverContextCustomizerFactory$Customizer@3e8f7922, [ImportsContextCustomizer@4b552b13 key = [org.springframework.boot.autoconfigure.cache.CacheAutoConfiguration, org.springframework.boot.autoconfigure.data.jpa.JpaRepositoriesAutoConfiguration, org.springframework.boot.autoconfigure.flyway.FlywayAutoConfiguration, org.springframework.boot.autoconfigure.jdbc.DataSourceAutoConfiguration, org.springframework.boot.autoconfigure.jdbc.DataSourceTransactionManagerAutoConfiguration, org.springframework.boot.autoconfigure.jdbc.JdbcTemplateAutoConfiguration, org.springframework.boot.autoconfigure.liquibase.LiquibaseAutoConfiguration, org.springframework.boot.autoconfigure.orm.jpa.HibernateJpaAutoConfiguration, org.springframework.boot.autoconfigure.transaction.TransactionAutoConfiguration, org.springframework.boot.test.autoconfigure.jdbc.TestDatabaseAutoConfiguration, org.springframework.boot.test.autoconfigure.orm.jpa.TestEntityManagerAutoConfiguration]], org.springframework.boot.test.context.filter.ExcludeFilterContextCustomizer@4ae33a11, org.springframework.boot.test.json.DuplicateJsonObjectContextCustomizerFactory$DuplicateJsonObjectContextCustomizer@3a94964, org.springframework.boot.test.mock.mockito.MockitoContextCustomizer@0, org.springframework.boot.test.context.SpringBootTestArgs@1, org.springframework.boot.test.context.SpringBootTestWebEnvironment@0], contextLoader = 'org.springframework.boot.test.context.SpringBootContextLoader', parent = [null]], attributes = map[[empty]]]; transaction manager [org.springframework.orm.jpa.JpaTransactionManager@531299d3]; rollback [true]
Hibernate: select school0_.school_id as school_i1_1_, school0_.city as city2_1_, school0_.created as created3_1_, school0_.name as name4_1_, school0_.updated as updated5_1_ from sp_school school0_
Hibernate: select user0_.user_id as user_id1_2_, user0_.created as created2_2_, user0_.email as email3_2_, user0_.enabled as enabled4_2_, user0_.grade as grade5_2_, user0_.name as name6_2_, user0_.password as password7_2_, user0_.school_school_id as school_s9_2_, user0_.teacher_user_id as teacher10_2_, user0_.updated as updated8_2_ from sp_user user0_
Hibernate: insert into sp_school (school_id, city, created, name, updated) values (null, ?, ?, ?, ?)
Hibernate: insert into sp_user (user_id, created, email, enabled, grade, name, password, school_school_id, teacher_user_id, updated) values (null, ?, ?, ?, ?, ?, ?, ?, ?, ?)
Hibernate: select user0_.user_id as user_id1_2_, user0_.created as created2_2_, user0_.email as email3_2_, user0_.enabled as enabled4_2_, user0_.grade as grade5_2_, user0_.name as name6_2_, user0_.password as password7_2_, user0_.school_school_id as school_s9_2_, user0_.teacher_user_id as teacher10_2_, user0_.updated as updated8_2_ from sp_user user0_
2022-02-08 16:22:47.093  INFO 5728 --- [    Test worker] o.s.t.c.transaction.TransactionContext   : Rolled back transaction for test: [DefaultTestContext@2c86b0ea testClass = UserTest, testInstance = com.sp.fc.user.service.UserTest@4e481512, testMethod = test_1@UserTest, testException = [null], mergedContextConfiguration = [MergedContextConfiguration@1ba98508 testClass = UserTest, locations = '{}', classes = '{class com.sp.fc.user.PaperUserTestApp}', contextInitializerClasses = '[]', activeProfiles = '{}', propertySourceLocations = '{}', propertySourceProperties = '{org.springframework.boot.test.autoconfigure.orm.jpa.DataJpaTestContextBootstrapper=true}', contextCustomizers = set[org.springframework.boot.test.autoconfigure.OverrideAutoConfigurationContextCustomizerFactory$DisableAutoConfigurationContextCustomizer@b968a76, org.springframework.boot.test.autoconfigure.actuate.metrics.MetricsExportContextCustomizerFactory$DisableMetricExportContextCustomizer@1433046b, org.springframework.boot.test.autoconfigure.filter.TypeExcludeFiltersContextCustomizer@351584c0, org.springframework.boot.test.autoconfigure.properties.PropertyMappingContextCustomizer@2ab87a58, org.springframework.boot.test.autoconfigure.web.servlet.WebDriverContextCustomizerFactory$Customizer@3e8f7922, [ImportsContextCustomizer@4b552b13 key = [org.springframework.boot.autoconfigure.cache.CacheAutoConfiguration, org.springframework.boot.autoconfigure.data.jpa.JpaRepositoriesAutoConfiguration, org.springframework.boot.autoconfigure.flyway.FlywayAutoConfiguration, org.springframework.boot.autoconfigure.jdbc.DataSourceAutoConfiguration, org.springframework.boot.autoconfigure.jdbc.DataSourceTransactionManagerAutoConfiguration, org.springframework.boot.autoconfigure.jdbc.JdbcTemplateAutoConfiguration, org.springframework.boot.autoconfigure.liquibase.LiquibaseAutoConfiguration, org.springframework.boot.autoconfigure.orm.jpa.HibernateJpaAutoConfiguration, org.springframework.boot.autoconfigure.transaction.TransactionAutoConfiguration, org.springframework.boot.test.autoconfigure.jdbc.TestDatabaseAutoConfiguration, org.springframework.boot.test.autoconfigure.orm.jpa.TestEntityManagerAutoConfiguration]], org.springframework.boot.test.context.filter.ExcludeFilterContextCustomizer@4ae33a11, org.springframework.boot.test.json.DuplicateJsonObjectContextCustomizerFactory$DuplicateJsonObjectContextCustomizer@3a94964, org.springframework.boot.test.mock.mockito.MockitoContextCustomizer@0, org.springframework.boot.test.context.SpringBootTestArgs@1, org.springframework.boot.test.context.SpringBootTestWebEnvironment@0], contextLoader = 'org.springframework.boot.test.context.SpringBootContextLoader', parent = [null]], attributes = map[[empty]]]
2022-02-08 16:22:47.097  INFO 5728 --- [    Test worker] o.s.t.c.transaction.TransactionContext   : Began transaction (1) for test context [DefaultTestContext@2c86b0ea testClass = UserTest, testInstance = com.sp.fc.user.service.UserTest@27691ee8, testMethod = test_2@UserTest, testException = [null], mergedContextConfiguration = [MergedContextConfiguration@1ba98508 testClass = UserTest, locations = '{}', classes = '{class com.sp.fc.user.PaperUserTestApp}', contextInitializerClasses = '[]', activeProfiles = '{}', propertySourceLocations = '{}', propertySourceProperties = '{org.springframework.boot.test.autoconfigure.orm.jpa.DataJpaTestContextBootstrapper=true}', contextCustomizers = set[org.springframework.boot.test.autoconfigure.OverrideAutoConfigurationContextCustomizerFactory$DisableAutoConfigurationContextCustomizer@b968a76, org.springframework.boot.test.autoconfigure.actuate.metrics.MetricsExportContextCustomizerFactory$DisableMetricExportContextCustomizer@1433046b, org.springframework.boot.test.autoconfigure.filter.TypeExcludeFiltersContextCustomizer@351584c0, org.springframework.boot.test.autoconfigure.properties.PropertyMappingContextCustomizer@2ab87a58, org.springframework.boot.test.autoconfigure.web.servlet.WebDriverContextCustomizerFactory$Customizer@3e8f7922, [ImportsContextCustomizer@4b552b13 key = [org.springframework.boot.autoconfigure.cache.CacheAutoConfiguration, org.springframework.boot.autoconfigure.data.jpa.JpaRepositoriesAutoConfiguration, org.springframework.boot.autoconfigure.flyway.FlywayAutoConfiguration, org.springframework.boot.autoconfigure.jdbc.DataSourceAutoConfiguration, org.springframework.boot.autoconfigure.jdbc.DataSourceTransactionManagerAutoConfiguration, org.springframework.boot.autoconfigure.jdbc.JdbcTemplateAutoConfiguration, org.springframework.boot.autoconfigure.liquibase.LiquibaseAutoConfiguration, org.springframework.boot.autoconfigure.orm.jpa.HibernateJpaAutoConfiguration, org.springframework.boot.autoconfigure.transaction.TransactionAutoConfiguration, org.springframework.boot.test.autoconfigure.jdbc.TestDatabaseAutoConfiguration, org.springframework.boot.test.autoconfigure.orm.jpa.TestEntityManagerAutoConfiguration]], org.springframework.boot.test.context.filter.ExcludeFilterContextCustomizer@4ae33a11, org.springframework.boot.test.json.DuplicateJsonObjectContextCustomizerFactory$DuplicateJsonObjectContextCustomizer@3a94964, org.springframework.boot.test.mock.mockito.MockitoContextCustomizer@0, org.springframework.boot.test.context.SpringBootTestArgs@1, org.springframework.boot.test.context.SpringBootTestWebEnvironment@0], contextLoader = 'org.springframework.boot.test.context.SpringBootContextLoader', parent = [null]], attributes = map[[empty]]]; transaction manager [org.springframework.orm.jpa.JpaTransactionManager@531299d3]; rollback [true]
Hibernate: select school0_.school_id as school_i1_1_, school0_.city as city2_1_, school0_.created as created3_1_, school0_.name as name4_1_, school0_.updated as updated5_1_ from sp_school school0_
Hibernate: select user0_.user_id as user_id1_2_, user0_.created as created2_2_, user0_.email as email3_2_, user0_.enabled as enabled4_2_, user0_.grade as grade5_2_, user0_.name as name6_2_, user0_.password as password7_2_, user0_.school_school_id as school_s9_2_, user0_.teacher_user_id as teacher10_2_, user0_.updated as updated8_2_ from sp_user user0_
Hibernate: insert into sp_school (school_id, city, created, name, updated) values (null, ?, ?, ?, ?)
Hibernate: insert into sp_user (user_id, created, email, enabled, grade, name, password, school_school_id, teacher_user_id, updated) values (null, ?, ?, ?, ?, ?, ?, ?, ?, ?)
Hibernate: update sp_user set name=?, updated=? where user_id=?
Hibernate: select user0_.user_id as user_id1_2_, user0_.created as created2_2_, user0_.email as email3_2_, user0_.enabled as enabled4_2_, user0_.grade as grade5_2_, user0_.name as name6_2_, user0_.password as password7_2_, user0_.school_school_id as school_s9_2_, user0_.teacher_user_id as teacher10_2_, user0_.updated as updated8_2_ from sp_user user0_
Hibernate: select school0_.school_id as school_i1_1_0_, school0_.city as city2_1_0_, school0_.created as created3_1_0_, school0_.name as name4_1_0_, school0_.updated as updated5_1_0_ from sp_school school0_ where school0_.school_id=?
Hibernate: select authoritie0_.authorities_user_id as authorit3_0_0_, authoritie0_.user_id as user_id1_0_0_, authoritie0_.authority as authorit2_0_0_, authoritie0_.user_id as user_id1_0_1_, authoritie0_.authority as authorit2_0_1_ from sp_authority authoritie0_ where authoritie0_.authorities_user_id=?
2022-02-08 16:22:47.151  INFO 5728 --- [    Test worker] o.s.t.c.transaction.TransactionContext   : Rolled back transaction for test: [DefaultTestContext@2c86b0ea testClass = UserTest, testInstance = com.sp.fc.user.service.UserTest@27691ee8, testMethod = test_2@UserTest, testException = [null], mergedContextConfiguration = [MergedContextConfiguration@1ba98508 testClass = UserTest, locations = '{}', classes = '{class com.sp.fc.user.PaperUserTestApp}', contextInitializerClasses = '[]', activeProfiles = '{}', propertySourceLocations = '{}', propertySourceProperties = '{org.springframework.boot.test.autoconfigure.orm.jpa.DataJpaTestContextBootstrapper=true}', contextCustomizers = set[org.springframework.boot.test.autoconfigure.OverrideAutoConfigurationContextCustomizerFactory$DisableAutoConfigurationContextCustomizer@b968a76, org.springframework.boot.test.autoconfigure.actuate.metrics.MetricsExportContextCustomizerFactory$DisableMetricExportContextCustomizer@1433046b, org.springframework.boot.test.autoconfigure.filter.TypeExcludeFiltersContextCustomizer@351584c0, org.springframework.boot.test.autoconfigure.properties.PropertyMappingContextCustomizer@2ab87a58, org.springframework.boot.test.autoconfigure.web.servlet.WebDriverContextCustomizerFactory$Customizer@3e8f7922, [ImportsContextCustomizer@4b552b13 key = [org.springframework.boot.autoconfigure.cache.CacheAutoConfiguration, org.springframework.boot.autoconfigure.data.jpa.JpaRepositoriesAutoConfiguration, org.springframework.boot.autoconfigure.flyway.FlywayAutoConfiguration, org.springframework.boot.autoconfigure.jdbc.DataSourceAutoConfiguration, org.springframework.boot.autoconfigure.jdbc.DataSourceTransactionManagerAutoConfiguration, org.springframework.boot.autoconfigure.jdbc.JdbcTemplateAutoConfiguration, org.springframework.boot.autoconfigure.liquibase.LiquibaseAutoConfiguration, org.springframework.boot.autoconfigure.orm.jpa.HibernateJpaAutoConfiguration, org.springframework.boot.autoconfigure.transaction.TransactionAutoConfiguration, org.springframework.boot.test.autoconfigure.jdbc.TestDatabaseAutoConfiguration, org.springframework.boot.test.autoconfigure.orm.jpa.TestEntityManagerAutoConfiguration]], org.springframework.boot.test.context.filter.ExcludeFilterContextCustomizer@4ae33a11, org.springframework.boot.test.json.DuplicateJsonObjectContextCustomizerFactory$DuplicateJsonObjectContextCustomizer@3a94964, org.springframework.boot.test.mock.mockito.MockitoContextCustomizer@0, org.springframework.boot.test.context.SpringBootTestArgs@1, org.springframework.boot.test.context.SpringBootTestWebEnvironment@0], contextLoader = 'org.springframework.boot.test.context.SpringBootContextLoader', parent = [null]], attributes = map[[empty]]]
2022-02-08 16:22:47.154  INFO 5728 --- [    Test worker] o.s.t.c.transaction.TransactionContext   : Began transaction (1) for test context [DefaultTestContext@2c86b0ea testClass = UserTest, testInstance = com.sp.fc.user.service.UserTest@2748bd6c, testMethod = test_3@UserTest, testException = [null], mergedContextConfiguration = [MergedContextConfiguration@1ba98508 testClass = UserTest, locations = '{}', classes = '{class com.sp.fc.user.PaperUserTestApp}', contextInitializerClasses = '[]', activeProfiles = '{}', propertySourceLocations = '{}', propertySourceProperties = '{org.springframework.boot.test.autoconfigure.orm.jpa.DataJpaTestContextBootstrapper=true}', contextCustomizers = set[org.springframework.boot.test.autoconfigure.OverrideAutoConfigurationContextCustomizerFactory$DisableAutoConfigurationContextCustomizer@b968a76, org.springframework.boot.test.autoconfigure.actuate.metrics.MetricsExportContextCustomizerFactory$DisableMetricExportContextCustomizer@1433046b, org.springframework.boot.test.autoconfigure.filter.TypeExcludeFiltersContextCustomizer@351584c0, org.springframework.boot.test.autoconfigure.properties.PropertyMappingContextCustomizer@2ab87a58, org.springframework.boot.test.autoconfigure.web.servlet.WebDriverContextCustomizerFactory$Customizer@3e8f7922, [ImportsContextCustomizer@4b552b13 key = [org.springframework.boot.autoconfigure.cache.CacheAutoConfiguration, org.springframework.boot.autoconfigure.data.jpa.JpaRepositoriesAutoConfiguration, org.springframework.boot.autoconfigure.flyway.FlywayAutoConfiguration, org.springframework.boot.autoconfigure.jdbc.DataSourceAutoConfiguration, org.springframework.boot.autoconfigure.jdbc.DataSourceTransactionManagerAutoConfiguration, org.springframework.boot.autoconfigure.jdbc.JdbcTemplateAutoConfiguration, org.springframework.boot.autoconfigure.liquibase.LiquibaseAutoConfiguration, org.springframework.boot.autoconfigure.orm.jpa.HibernateJpaAutoConfiguration, org.springframework.boot.autoconfigure.transaction.TransactionAutoConfiguration, org.springframework.boot.test.autoconfigure.jdbc.TestDatabaseAutoConfiguration, org.springframework.boot.test.autoconfigure.orm.jpa.TestEntityManagerAutoConfiguration]], org.springframework.boot.test.context.filter.ExcludeFilterContextCustomizer@4ae33a11, org.springframework.boot.test.json.DuplicateJsonObjectContextCustomizerFactory$DuplicateJsonObjectContextCustomizer@3a94964, org.springframework.boot.test.mock.mockito.MockitoContextCustomizer@0, org.springframework.boot.test.context.SpringBootTestArgs@1, org.springframework.boot.test.context.SpringBootTestWebEnvironment@0], contextLoader = 'org.springframework.boot.test.context.SpringBootContextLoader', parent = [null]], attributes = map[[empty]]]; transaction manager [org.springframework.orm.jpa.JpaTransactionManager@531299d3]; rollback [true]
Hibernate: select school0_.school_id as school_i1_1_, school0_.city as city2_1_, school0_.created as created3_1_, school0_.name as name4_1_, school0_.updated as updated5_1_ from sp_school school0_
Hibernate: select user0_.user_id as user_id1_2_, user0_.created as created2_2_, user0_.email as email3_2_, user0_.enabled as enabled4_2_, user0_.grade as grade5_2_, user0_.name as name6_2_, user0_.password as password7_2_, user0_.school_school_id as school_s9_2_, user0_.teacher_user_id as teacher10_2_, user0_.updated as updated8_2_ from sp_user user0_
Hibernate: insert into sp_school (school_id, city, created, name, updated) values (null, ?, ?, ?, ?)
Hibernate: insert into sp_user (user_id, created, email, enabled, grade, name, password, school_school_id, teacher_user_id, updated) values (null, ?, ?, ?, ?, ?, ?, ?, ?, ?)
Hibernate: select authority0_.user_id as user_id1_0_0_, authority0_.authority as authorit2_0_0_ from sp_authority authority0_ where authority0_.user_id=? and authority0_.authority=?
Hibernate: select authority0_.user_id as user_id1_0_0_, authority0_.authority as authorit2_0_0_ from sp_authority authority0_ where authority0_.user_id=? and authority0_.authority=?
2022-02-08 16:22:47.173  INFO 5728 --- [    Test worker] o.s.t.c.transaction.TransactionContext   : Rolled back transaction for test: [DefaultTestContext@2c86b0ea testClass = UserTest, testInstance = com.sp.fc.user.service.UserTest@2748bd6c, testMethod = test_3@UserTest, testException = [null], mergedContextConfiguration = [MergedContextConfiguration@1ba98508 testClass = UserTest, locations = '{}', classes = '{class com.sp.fc.user.PaperUserTestApp}', contextInitializerClasses = '[]', activeProfiles = '{}', propertySourceLocations = '{}', propertySourceProperties = '{org.springframework.boot.test.autoconfigure.orm.jpa.DataJpaTestContextBootstrapper=true}', contextCustomizers = set[org.springframework.boot.test.autoconfigure.OverrideAutoConfigurationContextCustomizerFactory$DisableAutoConfigurationContextCustomizer@b968a76, org.springframework.boot.test.autoconfigure.actuate.metrics.MetricsExportContextCustomizerFactory$DisableMetricExportContextCustomizer@1433046b, org.springframework.boot.test.autoconfigure.filter.TypeExcludeFiltersContextCustomizer@351584c0, org.springframework.boot.test.autoconfigure.properties.PropertyMappingContextCustomizer@2ab87a58, org.springframework.boot.test.autoconfigure.web.servlet.WebDriverContextCustomizerFactory$Customizer@3e8f7922, [ImportsContextCustomizer@4b552b13 key = [org.springframework.boot.autoconfigure.cache.CacheAutoConfiguration, org.springframework.boot.autoconfigure.data.jpa.JpaRepositoriesAutoConfiguration, org.springframework.boot.autoconfigure.flyway.FlywayAutoConfiguration, org.springframework.boot.autoconfigure.jdbc.DataSourceAutoConfiguration, org.springframework.boot.autoconfigure.jdbc.DataSourceTransactionManagerAutoConfiguration, org.springframework.boot.autoconfigure.jdbc.JdbcTemplateAutoConfiguration, org.springframework.boot.autoconfigure.liquibase.LiquibaseAutoConfiguration, org.springframework.boot.autoconfigure.orm.jpa.HibernateJpaAutoConfiguration, org.springframework.boot.autoconfigure.transaction.TransactionAutoConfiguration, org.springframework.boot.test.autoconfigure.jdbc.TestDatabaseAutoConfiguration, org.springframework.boot.test.autoconfigure.orm.jpa.TestEntityManagerAutoConfiguration]], org.springframework.boot.test.context.filter.ExcludeFilterContextCustomizer@4ae33a11, org.springframework.boot.test.json.DuplicateJsonObjectContextCustomizerFactory$DuplicateJsonObjectContextCustomizer@3a94964, org.springframework.boot.test.mock.mockito.MockitoContextCustomizer@0, org.springframework.boot.test.context.SpringBootTestArgs@1, org.springframework.boot.test.context.SpringBootTestWebEnvironment@0], contextLoader = 'org.springframework.boot.test.context.SpringBootContextLoader', parent = [null]], attributes = map[[empty]]]
2022-02-08 16:22:47.177  INFO 5728 --- [    Test worker] o.s.t.c.transaction.TransactionContext   : Began transaction (1) for test context [DefaultTestContext@2c86b0ea testClass = UserTest, testInstance = com.sp.fc.user.service.UserTest@46507dda, testMethod = test_4@UserTest, testException = [null], mergedContextConfiguration = [MergedContextConfiguration@1ba98508 testClass = UserTest, locations = '{}', classes = '{class com.sp.fc.user.PaperUserTestApp}', contextInitializerClasses = '[]', activeProfiles = '{}', propertySourceLocations = '{}', propertySourceProperties = '{org.springframework.boot.test.autoconfigure.orm.jpa.DataJpaTestContextBootstrapper=true}', contextCustomizers = set[org.springframework.boot.test.autoconfigure.OverrideAutoConfigurationContextCustomizerFactory$DisableAutoConfigurationContextCustomizer@b968a76, org.springframework.boot.test.autoconfigure.actuate.metrics.MetricsExportContextCustomizerFactory$DisableMetricExportContextCustomizer@1433046b, org.springframework.boot.test.autoconfigure.filter.TypeExcludeFiltersContextCustomizer@351584c0, org.springframework.boot.test.autoconfigure.properties.PropertyMappingContextCustomizer@2ab87a58, org.springframework.boot.test.autoconfigure.web.servlet.WebDriverContextCustomizerFactory$Customizer@3e8f7922, [ImportsContextCustomizer@4b552b13 key = [org.springframework.boot.autoconfigure.cache.CacheAutoConfiguration, org.springframework.boot.autoconfigure.data.jpa.JpaRepositoriesAutoConfiguration, org.springframework.boot.autoconfigure.flyway.FlywayAutoConfiguration, org.springframework.boot.autoconfigure.jdbc.DataSourceAutoConfiguration, org.springframework.boot.autoconfigure.jdbc.DataSourceTransactionManagerAutoConfiguration, org.springframework.boot.autoconfigure.jdbc.JdbcTemplateAutoConfiguration, org.springframework.boot.autoconfigure.liquibase.LiquibaseAutoConfiguration, org.springframework.boot.autoconfigure.orm.jpa.HibernateJpaAutoConfiguration, org.springframework.boot.autoconfigure.transaction.TransactionAutoConfiguration, org.springframework.boot.test.autoconfigure.jdbc.TestDatabaseAutoConfiguration, org.springframework.boot.test.autoconfigure.orm.jpa.TestEntityManagerAutoConfiguration]], org.springframework.boot.test.context.filter.ExcludeFilterContextCustomizer@4ae33a11, org.springframework.boot.test.json.DuplicateJsonObjectContextCustomizerFactory$DuplicateJsonObjectContextCustomizer@3a94964, org.springframework.boot.test.mock.mockito.MockitoContextCustomizer@0, org.springframework.boot.test.context.SpringBootTestArgs@1, org.springframework.boot.test.context.SpringBootTestWebEnvironment@0], contextLoader = 'org.springframework.boot.test.context.SpringBootContextLoader', parent = [null]], attributes = map[[empty]]]; transaction manager [org.springframework.orm.jpa.JpaTransactionManager@531299d3]; rollback [true]
Hibernate: select school0_.school_id as school_i1_1_, school0_.city as city2_1_, school0_.created as created3_1_, school0_.name as name4_1_, school0_.updated as updated5_1_ from sp_school school0_
Hibernate: select user0_.user_id as user_id1_2_, user0_.created as created2_2_, user0_.email as email3_2_, user0_.enabled as enabled4_2_, user0_.grade as grade5_2_, user0_.name as name6_2_, user0_.password as password7_2_, user0_.school_school_id as school_s9_2_, user0_.teacher_user_id as teacher10_2_, user0_.updated as updated8_2_ from sp_user user0_
Hibernate: insert into sp_school (school_id, city, created, name, updated) values (null, ?, ?, ?, ?)
Hibernate: insert into sp_user (user_id, created, email, enabled, grade, name, password, school_school_id, teacher_user_id, updated) values (null, ?, ?, ?, ?, ?, ?, ?, ?, ?)
Hibernate: select authority0_.user_id as user_id1_0_0_, authority0_.authority as authorit2_0_0_ from sp_authority authority0_ where authority0_.user_id=? and authority0_.authority=?
Hibernate: select authority0_.user_id as user_id1_0_0_, authority0_.authority as authorit2_0_0_ from sp_authority authority0_ where authority0_.user_id=? and authority0_.authority=?
2022-02-08 16:22:47.194  INFO 5728 --- [    Test worker] o.s.t.c.transaction.TransactionContext   : Rolled back transaction for test: [DefaultTestContext@2c86b0ea testClass = UserTest, testInstance = com.sp.fc.user.service.UserTest@46507dda, testMethod = test_4@UserTest, testException = [null], mergedContextConfiguration = [MergedContextConfiguration@1ba98508 testClass = UserTest, locations = '{}', classes = '{class com.sp.fc.user.PaperUserTestApp}', contextInitializerClasses = '[]', activeProfiles = '{}', propertySourceLocations = '{}', propertySourceProperties = '{org.springframework.boot.test.autoconfigure.orm.jpa.DataJpaTestContextBootstrapper=true}', contextCustomizers = set[org.springframework.boot.test.autoconfigure.OverrideAutoConfigurationContextCustomizerFactory$DisableAutoConfigurationContextCustomizer@b968a76, org.springframework.boot.test.autoconfigure.actuate.metrics.MetricsExportContextCustomizerFactory$DisableMetricExportContextCustomizer@1433046b, org.springframework.boot.test.autoconfigure.filter.TypeExcludeFiltersContextCustomizer@351584c0, org.springframework.boot.test.autoconfigure.properties.PropertyMappingContextCustomizer@2ab87a58, org.springframework.boot.test.autoconfigure.web.servlet.WebDriverContextCustomizerFactory$Customizer@3e8f7922, [ImportsContextCustomizer@4b552b13 key = [org.springframework.boot.autoconfigure.cache.CacheAutoConfiguration, org.springframework.boot.autoconfigure.data.jpa.JpaRepositoriesAutoConfiguration, org.springframework.boot.autoconfigure.flyway.FlywayAutoConfiguration, org.springframework.boot.autoconfigure.jdbc.DataSourceAutoConfiguration, org.springframework.boot.autoconfigure.jdbc.DataSourceTransactionManagerAutoConfiguration, org.springframework.boot.autoconfigure.jdbc.JdbcTemplateAutoConfiguration, org.springframework.boot.autoconfigure.liquibase.LiquibaseAutoConfiguration, org.springframework.boot.autoconfigure.orm.jpa.HibernateJpaAutoConfiguration, org.springframework.boot.autoconfigure.transaction.TransactionAutoConfiguration, org.springframework.boot.test.autoconfigure.jdbc.TestDatabaseAutoConfiguration, org.springframework.boot.test.autoconfigure.orm.jpa.TestEntityManagerAutoConfiguration]], org.springframework.boot.test.context.filter.ExcludeFilterContextCustomizer@4ae33a11, org.springframework.boot.test.json.DuplicateJsonObjectContextCustomizerFactory$DuplicateJsonObjectContextCustomizer@3a94964, org.springframework.boot.test.mock.mockito.MockitoContextCustomizer@0, org.springframework.boot.test.context.SpringBootTestArgs@1, org.springframework.boot.test.context.SpringBootTestWebEnvironment@0], contextLoader = 'org.springframework.boot.test.context.SpringBootContextLoader', parent = [null]], attributes = map[[empty]]]
2022-02-08 16:22:47.199  INFO 5728 --- [    Test worker] o.s.t.c.transaction.TransactionContext   : Began transaction (1) for test context [DefaultTestContext@2c86b0ea testClass = UserTest, testInstance = com.sp.fc.user.service.UserTest@3a00237d, testMethod = test_5@UserTest, testException = [null], mergedContextConfiguration = [MergedContextConfiguration@1ba98508 testClass = UserTest, locations = '{}', classes = '{class com.sp.fc.user.PaperUserTestApp}', contextInitializerClasses = '[]', activeProfiles = '{}', propertySourceLocations = '{}', propertySourceProperties = '{org.springframework.boot.test.autoconfigure.orm.jpa.DataJpaTestContextBootstrapper=true}', contextCustomizers = set[org.springframework.boot.test.autoconfigure.OverrideAutoConfigurationContextCustomizerFactory$DisableAutoConfigurationContextCustomizer@b968a76, org.springframework.boot.test.autoconfigure.actuate.metrics.MetricsExportContextCustomizerFactory$DisableMetricExportContextCustomizer@1433046b, org.springframework.boot.test.autoconfigure.filter.TypeExcludeFiltersContextCustomizer@351584c0, org.springframework.boot.test.autoconfigure.properties.PropertyMappingContextCustomizer@2ab87a58, org.springframework.boot.test.autoconfigure.web.servlet.WebDriverContextCustomizerFactory$Customizer@3e8f7922, [ImportsContextCustomizer@4b552b13 key = [org.springframework.boot.autoconfigure.cache.CacheAutoConfiguration, org.springframework.boot.autoconfigure.data.jpa.JpaRepositoriesAutoConfiguration, org.springframework.boot.autoconfigure.flyway.FlywayAutoConfiguration, org.springframework.boot.autoconfigure.jdbc.DataSourceAutoConfiguration, org.springframework.boot.autoconfigure.jdbc.DataSourceTransactionManagerAutoConfiguration, org.springframework.boot.autoconfigure.jdbc.JdbcTemplateAutoConfiguration, org.springframework.boot.autoconfigure.liquibase.LiquibaseAutoConfiguration, org.springframework.boot.autoconfigure.orm.jpa.HibernateJpaAutoConfiguration, org.springframework.boot.autoconfigure.transaction.TransactionAutoConfiguration, org.springframework.boot.test.autoconfigure.jdbc.TestDatabaseAutoConfiguration, org.springframework.boot.test.autoconfigure.orm.jpa.TestEntityManagerAutoConfiguration]], org.springframework.boot.test.context.filter.ExcludeFilterContextCustomizer@4ae33a11, org.springframework.boot.test.json.DuplicateJsonObjectContextCustomizerFactory$DuplicateJsonObjectContextCustomizer@3a94964, org.springframework.boot.test.mock.mockito.MockitoContextCustomizer@0, org.springframework.boot.test.context.SpringBootTestArgs@1, org.springframework.boot.test.context.SpringBootTestWebEnvironment@0], contextLoader = 'org.springframework.boot.test.context.SpringBootContextLoader', parent = [null]], attributes = map[[empty]]]; transaction manager [org.springframework.orm.jpa.JpaTransactionManager@531299d3]; rollback [true]
Hibernate: select school0_.school_id as school_i1_1_, school0_.city as city2_1_, school0_.created as created3_1_, school0_.name as name4_1_, school0_.updated as updated5_1_ from sp_school school0_
Hibernate: select user0_.user_id as user_id1_2_, user0_.created as created2_2_, user0_.email as email3_2_, user0_.enabled as enabled4_2_, user0_.grade as grade5_2_, user0_.name as name6_2_, user0_.password as password7_2_, user0_.school_school_id as school_s9_2_, user0_.teacher_user_id as teacher10_2_, user0_.updated as updated8_2_ from sp_user user0_
Hibernate: insert into sp_school (school_id, city, created, name, updated) values (null, ?, ?, ?, ?)
Hibernate: insert into sp_user (user_id, created, email, enabled, grade, name, password, school_school_id, teacher_user_id, updated) values (null, ?, ?, ?, ?, ?, ?, ?, ?, ?)
Hibernate: select user0_.user_id as user_id1_2_, user0_.created as created2_2_, user0_.email as email3_2_, user0_.enabled as enabled4_2_, user0_.grade as grade5_2_, user0_.name as name6_2_, user0_.password as password7_2_, user0_.school_school_id as school_s9_2_, user0_.teacher_user_id as teacher10_2_, user0_.updated as updated8_2_ from sp_user user0_ where user0_.email=?
2022-02-08 16:22:47.224  INFO 5728 --- [    Test worker] o.s.t.c.transaction.TransactionContext   : Rolled back transaction for test: [DefaultTestContext@2c86b0ea testClass = UserTest, testInstance = com.sp.fc.user.service.UserTest@3a00237d, testMethod = test_5@UserTest, testException = [null], mergedContextConfiguration = [MergedContextConfiguration@1ba98508 testClass = UserTest, locations = '{}', classes = '{class com.sp.fc.user.PaperUserTestApp}', contextInitializerClasses = '[]', activeProfiles = '{}', propertySourceLocations = '{}', propertySourceProperties = '{org.springframework.boot.test.autoconfigure.orm.jpa.DataJpaTestContextBootstrapper=true}', contextCustomizers = set[org.springframework.boot.test.autoconfigure.OverrideAutoConfigurationContextCustomizerFactory$DisableAutoConfigurationContextCustomizer@b968a76, org.springframework.boot.test.autoconfigure.actuate.metrics.MetricsExportContextCustomizerFactory$DisableMetricExportContextCustomizer@1433046b, org.springframework.boot.test.autoconfigure.filter.TypeExcludeFiltersContextCustomizer@351584c0, org.springframework.boot.test.autoconfigure.properties.PropertyMappingContextCustomizer@2ab87a58, org.springframework.boot.test.autoconfigure.web.servlet.WebDriverContextCustomizerFactory$Customizer@3e8f7922, [ImportsContextCustomizer@4b552b13 key = [org.springframework.boot.autoconfigure.cache.CacheAutoConfiguration, org.springframework.boot.autoconfigure.data.jpa.JpaRepositoriesAutoConfiguration, org.springframework.boot.autoconfigure.flyway.FlywayAutoConfiguration, org.springframework.boot.autoconfigure.jdbc.DataSourceAutoConfiguration, org.springframework.boot.autoconfigure.jdbc.DataSourceTransactionManagerAutoConfiguration, org.springframework.boot.autoconfigure.jdbc.JdbcTemplateAutoConfiguration, org.springframework.boot.autoconfigure.liquibase.LiquibaseAutoConfiguration, org.springframework.boot.autoconfigure.orm.jpa.HibernateJpaAutoConfiguration, org.springframework.boot.autoconfigure.transaction.TransactionAutoConfiguration, org.springframework.boot.test.autoconfigure.jdbc.TestDatabaseAutoConfiguration, org.springframework.boot.test.autoconfigure.orm.jpa.TestEntityManagerAutoConfiguration]], org.springframework.boot.test.context.filter.ExcludeFilterContextCustomizer@4ae33a11, org.springframework.boot.test.json.DuplicateJsonObjectContextCustomizerFactory$DuplicateJsonObjectContextCustomizer@3a94964, org.springframework.boot.test.mock.mockito.MockitoContextCustomizer@0, org.springframework.boot.test.context.SpringBootTestArgs@1, org.springframework.boot.test.context.SpringBootTestWebEnvironment@0], contextLoader = 'org.springframework.boot.test.context.SpringBootContextLoader', parent = [null]], attributes = map[[empty]]]
2022-02-08 16:22:47.228  INFO 5728 --- [    Test worker] o.s.t.c.transaction.TransactionContext   : Began transaction (1) for test context [DefaultTestContext@2c86b0ea testClass = UserTest, testInstance = com.sp.fc.user.service.UserTest@556944cd, testMethod = test_6@UserTest, testException = [null], mergedContextConfiguration = [MergedContextConfiguration@1ba98508 testClass = UserTest, locations = '{}', classes = '{class com.sp.fc.user.PaperUserTestApp}', contextInitializerClasses = '[]', activeProfiles = '{}', propertySourceLocations = '{}', propertySourceProperties = '{org.springframework.boot.test.autoconfigure.orm.jpa.DataJpaTestContextBootstrapper=true}', contextCustomizers = set[org.springframework.boot.test.autoconfigure.OverrideAutoConfigurationContextCustomizerFactory$DisableAutoConfigurationContextCustomizer@b968a76, org.springframework.boot.test.autoconfigure.actuate.metrics.MetricsExportContextCustomizerFactory$DisableMetricExportContextCustomizer@1433046b, org.springframework.boot.test.autoconfigure.filter.TypeExcludeFiltersContextCustomizer@351584c0, org.springframework.boot.test.autoconfigure.properties.PropertyMappingContextCustomizer@2ab87a58, org.springframework.boot.test.autoconfigure.web.servlet.WebDriverContextCustomizerFactory$Customizer@3e8f7922, [ImportsContextCustomizer@4b552b13 key = [org.springframework.boot.autoconfigure.cache.CacheAutoConfiguration, org.springframework.boot.autoconfigure.data.jpa.JpaRepositoriesAutoConfiguration, org.springframework.boot.autoconfigure.flyway.FlywayAutoConfiguration, org.springframework.boot.autoconfigure.jdbc.DataSourceAutoConfiguration, org.springframework.boot.autoconfigure.jdbc.DataSourceTransactionManagerAutoConfiguration, org.springframework.boot.autoconfigure.jdbc.JdbcTemplateAutoConfiguration, org.springframework.boot.autoconfigure.liquibase.LiquibaseAutoConfiguration, org.springframework.boot.autoconfigure.orm.jpa.HibernateJpaAutoConfiguration, org.springframework.boot.autoconfigure.transaction.TransactionAutoConfiguration, org.springframework.boot.test.autoconfigure.jdbc.TestDatabaseAutoConfiguration, org.springframework.boot.test.autoconfigure.orm.jpa.TestEntityManagerAutoConfiguration]], org.springframework.boot.test.context.filter.ExcludeFilterContextCustomizer@4ae33a11, org.springframework.boot.test.json.DuplicateJsonObjectContextCustomizerFactory$DuplicateJsonObjectContextCustomizer@3a94964, org.springframework.boot.test.mock.mockito.MockitoContextCustomizer@0, org.springframework.boot.test.context.SpringBootTestArgs@1, org.springframework.boot.test.context.SpringBootTestWebEnvironment@0], contextLoader = 'org.springframework.boot.test.context.SpringBootContextLoader', parent = [null]], attributes = map[[empty]]]; transaction manager [org.springframework.orm.jpa.JpaTransactionManager@531299d3]; rollback [true]
Hibernate: select school0_.school_id as school_i1_1_, school0_.city as city2_1_, school0_.created as created3_1_, school0_.name as name4_1_, school0_.updated as updated5_1_ from sp_school school0_
Hibernate: select user0_.user_id as user_id1_2_, user0_.created as created2_2_, user0_.email as email3_2_, user0_.enabled as enabled4_2_, user0_.grade as grade5_2_, user0_.name as name6_2_, user0_.password as password7_2_, user0_.school_school_id as school_s9_2_, user0_.teacher_user_id as teacher10_2_, user0_.updated as updated8_2_ from sp_user user0_
Hibernate: insert into sp_school (school_id, city, created, name, updated) values (null, ?, ?, ?, ?)
Hibernate: insert into sp_user (user_id, created, email, enabled, grade, name, password, school_school_id, teacher_user_id, updated) values (null, ?, ?, ?, ?, ?, ?, ?, ?, ?)
Hibernate: select authority0_.user_id as user_id1_0_0_, authority0_.authority as authorit2_0_0_ from sp_authority authority0_ where authority0_.user_id=? and authority0_.authority=?
2022-02-08 16:22:47.250  INFO 5728 --- [    Test worker] o.s.t.c.transaction.TransactionContext   : Rolled back transaction for test: [DefaultTestContext@2c86b0ea testClass = UserTest, testInstance = com.sp.fc.user.service.UserTest@556944cd, testMethod = test_6@UserTest, testException = [null], mergedContextConfiguration = [MergedContextConfiguration@1ba98508 testClass = UserTest, locations = '{}', classes = '{class com.sp.fc.user.PaperUserTestApp}', contextInitializerClasses = '[]', activeProfiles = '{}', propertySourceLocations = '{}', propertySourceProperties = '{org.springframework.boot.test.autoconfigure.orm.jpa.DataJpaTestContextBootstrapper=true}', contextCustomizers = set[org.springframework.boot.test.autoconfigure.OverrideAutoConfigurationContextCustomizerFactory$DisableAutoConfigurationContextCustomizer@b968a76, org.springframework.boot.test.autoconfigure.actuate.metrics.MetricsExportContextCustomizerFactory$DisableMetricExportContextCustomizer@1433046b, org.springframework.boot.test.autoconfigure.filter.TypeExcludeFiltersContextCustomizer@351584c0, org.springframework.boot.test.autoconfigure.properties.PropertyMappingContextCustomizer@2ab87a58, org.springframework.boot.test.autoconfigure.web.servlet.WebDriverContextCustomizerFactory$Customizer@3e8f7922, [ImportsContextCustomizer@4b552b13 key = [org.springframework.boot.autoconfigure.cache.CacheAutoConfiguration, org.springframework.boot.autoconfigure.data.jpa.JpaRepositoriesAutoConfiguration, org.springframework.boot.autoconfigure.flyway.FlywayAutoConfiguration, org.springframework.boot.autoconfigure.jdbc.DataSourceAutoConfiguration, org.springframework.boot.autoconfigure.jdbc.DataSourceTransactionManagerAutoConfiguration, org.springframework.boot.autoconfigure.jdbc.JdbcTemplateAutoConfiguration, org.springframework.boot.autoconfigure.liquibase.LiquibaseAutoConfiguration, org.springframework.boot.autoconfigure.orm.jpa.HibernateJpaAutoConfiguration, org.springframework.boot.autoconfigure.transaction.TransactionAutoConfiguration, org.springframework.boot.test.autoconfigure.jdbc.TestDatabaseAutoConfiguration, org.springframework.boot.test.autoconfigure.orm.jpa.TestEntityManagerAutoConfiguration]], org.springframework.boot.test.context.filter.ExcludeFilterContextCustomizer@4ae33a11, org.springframework.boot.test.json.DuplicateJsonObjectContextCustomizerFactory$DuplicateJsonObjectContextCustomizer@3a94964, org.springframework.boot.test.mock.mockito.MockitoContextCustomizer@0, org.springframework.boot.test.context.SpringBootTestArgs@1, org.springframework.boot.test.context.SpringBootTestWebEnvironment@0], contextLoader = 'org.springframework.boot.test.context.SpringBootContextLoader', parent = [null]], attributes = map[[empty]]]
2022-02-08 16:22:47.254  INFO 5728 --- [    Test worker] o.s.t.c.transaction.TransactionContext   : Began transaction (1) for test context [DefaultTestContext@2c86b0ea testClass = UserTest, testInstance = com.sp.fc.user.service.UserTest@63d9e1a, testMethod = test_7@UserTest, testException = [null], mergedContextConfiguration = [MergedContextConfiguration@1ba98508 testClass = UserTest, locations = '{}', classes = '{class com.sp.fc.user.PaperUserTestApp}', contextInitializerClasses = '[]', activeProfiles = '{}', propertySourceLocations = '{}', propertySourceProperties = '{org.springframework.boot.test.autoconfigure.orm.jpa.DataJpaTestContextBootstrapper=true}', contextCustomizers = set[org.springframework.boot.test.autoconfigure.OverrideAutoConfigurationContextCustomizerFactory$DisableAutoConfigurationContextCustomizer@b968a76, org.springframework.boot.test.autoconfigure.actuate.metrics.MetricsExportContextCustomizerFactory$DisableMetricExportContextCustomizer@1433046b, org.springframework.boot.test.autoconfigure.filter.TypeExcludeFiltersContextCustomizer@351584c0, org.springframework.boot.test.autoconfigure.properties.PropertyMappingContextCustomizer@2ab87a58, org.springframework.boot.test.autoconfigure.web.servlet.WebDriverContextCustomizerFactory$Customizer@3e8f7922, [ImportsContextCustomizer@4b552b13 key = [org.springframework.boot.autoconfigure.cache.CacheAutoConfiguration, org.springframework.boot.autoconfigure.data.jpa.JpaRepositoriesAutoConfiguration, org.springframework.boot.autoconfigure.flyway.FlywayAutoConfiguration, org.springframework.boot.autoconfigure.jdbc.DataSourceAutoConfiguration, org.springframework.boot.autoconfigure.jdbc.DataSourceTransactionManagerAutoConfiguration, org.springframework.boot.autoconfigure.jdbc.JdbcTemplateAutoConfiguration, org.springframework.boot.autoconfigure.liquibase.LiquibaseAutoConfiguration, org.springframework.boot.autoconfigure.orm.jpa.HibernateJpaAutoConfiguration, org.springframework.boot.autoconfigure.transaction.TransactionAutoConfiguration, org.springframework.boot.test.autoconfigure.jdbc.TestDatabaseAutoConfiguration, org.springframework.boot.test.autoconfigure.orm.jpa.TestEntityManagerAutoConfiguration]], org.springframework.boot.test.context.filter.ExcludeFilterContextCustomizer@4ae33a11, org.springframework.boot.test.json.DuplicateJsonObjectContextCustomizerFactory$DuplicateJsonObjectContextCustomizer@3a94964, org.springframework.boot.test.mock.mockito.MockitoContextCustomizer@0, org.springframework.boot.test.context.SpringBootTestArgs@1, org.springframework.boot.test.context.SpringBootTestWebEnvironment@0], contextLoader = 'org.springframework.boot.test.context.SpringBootContextLoader', parent = [null]], attributes = map[[empty]]]; transaction manager [org.springframework.orm.jpa.JpaTransactionManager@531299d3]; rollback [true]
Hibernate: select school0_.school_id as school_i1_1_, school0_.city as city2_1_, school0_.created as created3_1_, school0_.name as name4_1_, school0_.updated as updated5_1_ from sp_school school0_
Hibernate: select user0_.user_id as user_id1_2_, user0_.created as created2_2_, user0_.email as email3_2_, user0_.enabled as enabled4_2_, user0_.grade as grade5_2_, user0_.name as name6_2_, user0_.password as password7_2_, user0_.school_school_id as school_s9_2_, user0_.teacher_user_id as teacher10_2_, user0_.updated as updated8_2_ from sp_user user0_
Hibernate: insert into sp_school (school_id, city, created, name, updated) values (null, ?, ?, ?, ?)
Hibernate: insert into sp_user (user_id, created, email, enabled, grade, name, password, school_school_id, teacher_user_id, updated) values (null, ?, ?, ?, ?, ?, ?, ?, ?, ?)
Hibernate: insert into sp_user (user_id, created, email, enabled, grade, name, password, school_school_id, teacher_user_id, updated) values (null, ?, ?, ?, ?, ?, ?, ?, ?, ?)
2022-02-08 16:22:47.266  WARN 5728 --- [    Test worker] o.h.engine.jdbc.spi.SqlExceptionHelper   : SQL Error: 23505, SQLState: 23505
2022-02-08 16:22:47.266 ERROR 5728 --- [    Test worker] o.h.engine.jdbc.spi.SqlExceptionHelper   : Unique index or primary key violation: "PUBLIC.UK_QBGSYT1YPUS8XBYIH82IC8EUA_INDEX_B ON PUBLIC.SP_USER(EMAIL) VALUES 25"; SQL statement:
insert into sp_user (user_id, created, email, enabled, grade, name, password, school_school_id, teacher_user_id, updated) values (null, ?, ?, ?, ?, ?, ?, ?, ?, ?) [23505-200]
2022-02-08 16:22:47.276  INFO 5728 --- [    Test worker] o.s.t.c.transaction.TransactionContext   : Rolled back transaction for test: [DefaultTestContext@2c86b0ea testClass = UserTest, testInstance = com.sp.fc.user.service.UserTest@63d9e1a, testMethod = test_7@UserTest, testException = [null], mergedContextConfiguration = [MergedContextConfiguration@1ba98508 testClass = UserTest, locations = '{}', classes = '{class com.sp.fc.user.PaperUserTestApp}', contextInitializerClasses = '[]', activeProfiles = '{}', propertySourceLocations = '{}', propertySourceProperties = '{org.springframework.boot.test.autoconfigure.orm.jpa.DataJpaTestContextBootstrapper=true}', contextCustomizers = set[org.springframework.boot.test.autoconfigure.OverrideAutoConfigurationContextCustomizerFactory$DisableAutoConfigurationContextCustomizer@b968a76, org.springframework.boot.test.autoconfigure.actuate.metrics.MetricsExportContextCustomizerFactory$DisableMetricExportContextCustomizer@1433046b, org.springframework.boot.test.autoconfigure.filter.TypeExcludeFiltersContextCustomizer@351584c0, org.springframework.boot.test.autoconfigure.properties.PropertyMappingContextCustomizer@2ab87a58, org.springframework.boot.test.autoconfigure.web.servlet.WebDriverContextCustomizerFactory$Customizer@3e8f7922, [ImportsContextCustomizer@4b552b13 key = [org.springframework.boot.autoconfigure.cache.CacheAutoConfiguration, org.springframework.boot.autoconfigure.data.jpa.JpaRepositoriesAutoConfiguration, org.springframework.boot.autoconfigure.flyway.FlywayAutoConfiguration, org.springframework.boot.autoconfigure.jdbc.DataSourceAutoConfiguration, org.springframework.boot.autoconfigure.jdbc.DataSourceTransactionManagerAutoConfiguration, org.springframework.boot.autoconfigure.jdbc.JdbcTemplateAutoConfiguration, org.springframework.boot.autoconfigure.liquibase.LiquibaseAutoConfiguration, org.springframework.boot.autoconfigure.orm.jpa.HibernateJpaAutoConfiguration, org.springframework.boot.autoconfigure.transaction.TransactionAutoConfiguration, org.springframework.boot.test.autoconfigure.jdbc.TestDatabaseAutoConfiguration, org.springframework.boot.test.autoconfigure.orm.jpa.TestEntityManagerAutoConfiguration]], org.springframework.boot.test.context.filter.ExcludeFilterContextCustomizer@4ae33a11, org.springframework.boot.test.json.DuplicateJsonObjectContextCustomizerFactory$DuplicateJsonObjectContextCustomizer@3a94964, org.springframework.boot.test.mock.mockito.MockitoContextCustomizer@0, org.springframework.boot.test.context.SpringBootTestArgs@1, org.springframework.boot.test.context.SpringBootTestWebEnvironment@0], contextLoader = 'org.springframework.boot.test.context.SpringBootContextLoader', parent = [null]], attributes = map[[empty]]]
]]></system-out>
  <system-err><![CDATA[]]></system-err>
</testsuite>
