<?xml version="1.0" encoding="UTF-8"?>
<testsuite name="hello.core.order.OrderServiceTest" tests="1" skipped="0" failures="0" errors="0" timestamp="2023-06-06T04:48:24" hostname="DESKTOP-75LHU7M" time="0.003">
  <properties/>
  <testcase name="createOrder()" classname="hello.core.order.OrderServiceTest" time="0.003"/>
  <system-out><![CDATA[]]></system-out>
  <system-err><![CDATA[]]></system-err>
</testsuite>
